CRITICAL - 2021-12-07 01:40:20 -->  route cannot be found while reverse-routing.
#0 C:\xampp\htdocs\alba_educations\system\HTTP\RedirectResponse.php(64): CodeIgniter\HTTP\Exceptions\HTTPException::forInvalidRedirectRoute('')
#1 C:\xampp\htdocs\alba_educations\app\Filters\adminLoggedIn.php(15): CodeIgniter\HTTP\RedirectResponse->route(false)
#2 C:\xampp\htdocs\alba_educations\system\Filters\Filters.php(181): App\Filters\adminLoggedIn->before(Object(CodeIgniter\HTTP\IncomingRequest), NULL)
#3 C:\xampp\htdocs\alba_educations\system\CodeIgniter.php(407): CodeIgniter\Filters\Filters->run('admin_login', 'before')
#4 C:\xampp\htdocs\alba_educations\system\CodeIgniter.php(336): CodeIgniter\CodeIgniter->handleRequest(NULL, Object(Config\Cache), false)
#5 C:\xampp\htdocs\alba_educations\index.php(37): CodeIgniter\CodeIgniter->run()
#6 {main}
CRITICAL - 2021-12-07 01:42:48 -->  route cannot be found while reverse-routing.
#0 C:\xampp\htdocs\alba_educations\system\HTTP\RedirectResponse.php(64): CodeIgniter\HTTP\Exceptions\HTTPException::forInvalidRedirectRoute('')
#1 C:\xampp\htdocs\alba_educations\app\Filters\adminLoggedIn.php(15): CodeIgniter\HTTP\RedirectResponse->route(false)
#2 C:\xampp\htdocs\alba_educations\system\Filters\Filters.php(181): App\Filters\adminLoggedIn->before(Object(CodeIgniter\HTTP\IncomingRequest), NULL)
#3 C:\xampp\htdocs\alba_educations\system\CodeIgniter.php(407): CodeIgniter\Filters\Filters->run('wp-admin', 'before')
#4 C:\xampp\htdocs\alba_educations\system\CodeIgniter.php(336): CodeIgniter\CodeIgniter->handleRequest(NULL, Object(Config\Cache), false)
#5 C:\xampp\htdocs\alba_educations\index.php(37): CodeIgniter\CodeIgniter->run()
#6 {main}
CRITICAL - 2021-12-07 01:43:02 -->  route cannot be found while reverse-routing.
#0 C:\xampp\htdocs\alba_educations\system\HTTP\RedirectResponse.php(64): CodeIgniter\HTTP\Exceptions\HTTPException::forInvalidRedirectRoute('')
#1 C:\xampp\htdocs\alba_educations\app\Filters\adminLoggedIn.php(15): CodeIgniter\HTTP\RedirectResponse->route(false)
#2 C:\xampp\htdocs\alba_educations\system\Filters\Filters.php(181): App\Filters\adminLoggedIn->before(Object(CodeIgniter\HTTP\IncomingRequest), NULL)
#3 C:\xampp\htdocs\alba_educations\system\CodeIgniter.php(407): CodeIgniter\Filters\Filters->run('wp-admin', 'before')
#4 C:\xampp\htdocs\alba_educations\system\CodeIgniter.php(336): CodeIgniter\CodeIgniter->handleRequest(NULL, Object(Config\Cache), false)
#5 C:\xampp\htdocs\alba_educations\index.php(37): CodeIgniter\CodeIgniter->run()
#6 {main}
CRITICAL - 2021-12-07 01:43:05 -->  route cannot be found while reverse-routing.
#0 C:\xampp\htdocs\alba_educations\system\HTTP\RedirectResponse.php(64): CodeIgniter\HTTP\Exceptions\HTTPException::forInvalidRedirectRoute('')
#1 C:\xampp\htdocs\alba_educations\app\Filters\adminLoggedIn.php(15): CodeIgniter\HTTP\RedirectResponse->route(false)
#2 C:\xampp\htdocs\alba_educations\system\Filters\Filters.php(181): App\Filters\adminLoggedIn->before(Object(CodeIgniter\HTTP\IncomingRequest), NULL)
#3 C:\xampp\htdocs\alba_educations\system\CodeIgniter.php(407): CodeIgniter\Filters\Filters->run('wp-admin', 'before')
#4 C:\xampp\htdocs\alba_educations\system\CodeIgniter.php(336): CodeIgniter\CodeIgniter->handleRequest(NULL, Object(Config\Cache), false)
#5 C:\xampp\htdocs\alba_educations\index.php(37): CodeIgniter\CodeIgniter->run()
#6 {main}
CRITICAL - 2021-12-07 01:57:56 -->  route cannot be found while reverse-routing.
#0 C:\xampp\htdocs\alba_educations\system\HTTP\RedirectResponse.php(64): CodeIgniter\HTTP\Exceptions\HTTPException::forInvalidRedirectRoute('')
#1 C:\xampp\htdocs\alba_educations\app\Controllers\FrontEnd\Admin_login.php(35): CodeIgniter\HTTP\RedirectResponse->route(false)
#2 C:\xampp\htdocs\alba_educations\system\CodeIgniter.php(928): App\Controllers\FrontEnd\Admin_login->admin_login()
#3 C:\xampp\htdocs\alba_educations\system\CodeIgniter.php(436): CodeIgniter\CodeIgniter->runController(Object(App\Controllers\FrontEnd\Admin_login))
#4 C:\xampp\htdocs\alba_educations\system\CodeIgniter.php(336): CodeIgniter\CodeIgniter->handleRequest(NULL, Object(Config\Cache), false)
#5 C:\xampp\htdocs\alba_educations\index.php(37): CodeIgniter\CodeIgniter->run()
#6 {main}
CRITICAL - 2021-12-07 01:58:49 -->  route cannot be found while reverse-routing.
#0 C:\xampp\htdocs\alba_educations\system\HTTP\RedirectResponse.php(64): CodeIgniter\HTTP\Exceptions\HTTPException::forInvalidRedirectRoute('')
#1 C:\xampp\htdocs\alba_educations\app\Controllers\FrontEnd\Admin_login.php(35): CodeIgniter\HTTP\RedirectResponse->route(false)
#2 C:\xampp\htdocs\alba_educations\system\CodeIgniter.php(928): App\Controllers\FrontEnd\Admin_login->admin_login()
#3 C:\xampp\htdocs\alba_educations\system\CodeIgniter.php(436): CodeIgniter\CodeIgniter->runController(Object(App\Controllers\FrontEnd\Admin_login))
#4 C:\xampp\htdocs\alba_educations\system\CodeIgniter.php(336): CodeIgniter\CodeIgniter->handleRequest(NULL, Object(Config\Cache), false)
#5 C:\xampp\htdocs\alba_educations\index.php(37): CodeIgniter\CodeIgniter->run()
#6 {main}
CRITICAL - 2021-12-07 01:59:33 -->  route cannot be found while reverse-routing.
#0 C:\xampp\htdocs\alba_educations\system\HTTP\RedirectResponse.php(64): CodeIgniter\HTTP\Exceptions\HTTPException::forInvalidRedirectRoute('')
#1 C:\xampp\htdocs\alba_educations\app\Controllers\FrontEnd\Admin_login.php(35): CodeIgniter\HTTP\RedirectResponse->route(false)
#2 C:\xampp\htdocs\alba_educations\system\CodeIgniter.php(928): App\Controllers\FrontEnd\Admin_login->admin_login()
#3 C:\xampp\htdocs\alba_educations\system\CodeIgniter.php(436): CodeIgniter\CodeIgniter->runController(Object(App\Controllers\FrontEnd\Admin_login))
#4 C:\xampp\htdocs\alba_educations\system\CodeIgniter.php(336): CodeIgniter\CodeIgniter->handleRequest(NULL, Object(Config\Cache), false)
#5 C:\xampp\htdocs\alba_educations\index.php(37): CodeIgniter\CodeIgniter->run()
#6 {main}
CRITICAL - 2021-12-07 01:59:46 -->  route cannot be found while reverse-routing.
#0 C:\xampp\htdocs\alba_educations\system\HTTP\RedirectResponse.php(64): CodeIgniter\HTTP\Exceptions\HTTPException::forInvalidRedirectRoute('')
#1 C:\xampp\htdocs\alba_educations\app\Controllers\FrontEnd\Admin_login.php(35): CodeIgniter\HTTP\RedirectResponse->route(false)
#2 C:\xampp\htdocs\alba_educations\system\CodeIgniter.php(928): App\Controllers\FrontEnd\Admin_login->admin_login()
#3 C:\xampp\htdocs\alba_educations\system\CodeIgniter.php(436): CodeIgniter\CodeIgniter->runController(Object(App\Controllers\FrontEnd\Admin_login))
#4 C:\xampp\htdocs\alba_educations\system\CodeIgniter.php(336): CodeIgniter\CodeIgniter->handleRequest(NULL, Object(Config\Cache), false)
#5 C:\xampp\htdocs\alba_educations\index.php(37): CodeIgniter\CodeIgniter->run()
#6 {main}
CRITICAL - 2021-12-07 02:00:12 -->  route cannot be found while reverse-routing.
#0 C:\xampp\htdocs\alba_educations\system\HTTP\RedirectResponse.php(64): CodeIgniter\HTTP\Exceptions\HTTPException::forInvalidRedirectRoute('')
#1 C:\xampp\htdocs\alba_educations\app\Controllers\FrontEnd\Admin_login.php(35): CodeIgniter\HTTP\RedirectResponse->route(false)
#2 C:\xampp\htdocs\alba_educations\system\CodeIgniter.php(928): App\Controllers\FrontEnd\Admin_login->admin_login()
#3 C:\xampp\htdocs\alba_educations\system\CodeIgniter.php(436): CodeIgniter\CodeIgniter->runController(Object(App\Controllers\FrontEnd\Admin_login))
#4 C:\xampp\htdocs\alba_educations\system\CodeIgniter.php(336): CodeIgniter\CodeIgniter->handleRequest(NULL, Object(Config\Cache), false)
#5 C:\xampp\htdocs\alba_educations\index.php(37): CodeIgniter\CodeIgniter->run()
#6 {main}
CRITICAL - 2021-12-07 02:00:24 -->  route cannot be found while reverse-routing.
#0 C:\xampp\htdocs\alba_educations\system\HTTP\RedirectResponse.php(64): CodeIgniter\HTTP\Exceptions\HTTPException::forInvalidRedirectRoute('')
#1 C:\xampp\htdocs\alba_educations\app\Controllers\FrontEnd\Admin_login.php(35): CodeIgniter\HTTP\RedirectResponse->route(false)
#2 C:\xampp\htdocs\alba_educations\system\CodeIgniter.php(928): App\Controllers\FrontEnd\Admin_login->admin_login()
#3 C:\xampp\htdocs\alba_educations\system\CodeIgniter.php(436): CodeIgniter\CodeIgniter->runController(Object(App\Controllers\FrontEnd\Admin_login))
#4 C:\xampp\htdocs\alba_educations\system\CodeIgniter.php(336): CodeIgniter\CodeIgniter->handleRequest(NULL, Object(Config\Cache), false)
#5 C:\xampp\htdocs\alba_educations\index.php(37): CodeIgniter\CodeIgniter->run()
#6 {main}
CRITICAL - 2021-12-07 02:00:28 -->  route cannot be found while reverse-routing.
#0 C:\xampp\htdocs\alba_educations\system\HTTP\RedirectResponse.php(64): CodeIgniter\HTTP\Exceptions\HTTPException::forInvalidRedirectRoute('')
#1 C:\xampp\htdocs\alba_educations\app\Controllers\FrontEnd\Admin_login.php(35): CodeIgniter\HTTP\RedirectResponse->route(false)
#2 C:\xampp\htdocs\alba_educations\system\CodeIgniter.php(928): App\Controllers\FrontEnd\Admin_login->admin_login()
#3 C:\xampp\htdocs\alba_educations\system\CodeIgniter.php(436): CodeIgniter\CodeIgniter->runController(Object(App\Controllers\FrontEnd\Admin_login))
#4 C:\xampp\htdocs\alba_educations\system\CodeIgniter.php(336): CodeIgniter\CodeIgniter->handleRequest(NULL, Object(Config\Cache), false)
#5 C:\xampp\htdocs\alba_educations\index.php(37): CodeIgniter\CodeIgniter->run()
#6 {main}
CRITICAL - 2021-12-07 02:00:48 -->  route cannot be found while reverse-routing.
#0 C:\xampp\htdocs\alba_educations\system\HTTP\RedirectResponse.php(64): CodeIgniter\HTTP\Exceptions\HTTPException::forInvalidRedirectRoute('')
#1 C:\xampp\htdocs\alba_educations\app\Controllers\FrontEnd\Admin_login.php(35): CodeIgniter\HTTP\RedirectResponse->route(false)
#2 C:\xampp\htdocs\alba_educations\system\CodeIgniter.php(928): App\Controllers\FrontEnd\Admin_login->admin_login()
#3 C:\xampp\htdocs\alba_educations\system\CodeIgniter.php(436): CodeIgniter\CodeIgniter->runController(Object(App\Controllers\FrontEnd\Admin_login))
#4 C:\xampp\htdocs\alba_educations\system\CodeIgniter.php(336): CodeIgniter\CodeIgniter->handleRequest(NULL, Object(Config\Cache), false)
#5 C:\xampp\htdocs\alba_educations\index.php(37): CodeIgniter\CodeIgniter->run()
#6 {main}
CRITICAL - 2021-12-07 02:02:28 -->  route cannot be found while reverse-routing.
#0 C:\xampp\htdocs\alba_educations\system\HTTP\RedirectResponse.php(64): CodeIgniter\HTTP\Exceptions\HTTPException::forInvalidRedirectRoute('')
#1 C:\xampp\htdocs\alba_educations\app\Controllers\FrontEnd\Admin_login.php(35): CodeIgniter\HTTP\RedirectResponse->route(false)
#2 C:\xampp\htdocs\alba_educations\system\CodeIgniter.php(928): App\Controllers\FrontEnd\Admin_login->admin_login()
#3 C:\xampp\htdocs\alba_educations\system\CodeIgniter.php(436): CodeIgniter\CodeIgniter->runController(Object(App\Controllers\FrontEnd\Admin_login))
#4 C:\xampp\htdocs\alba_educations\system\CodeIgniter.php(336): CodeIgniter\CodeIgniter->handleRequest(NULL, Object(Config\Cache), false)
#5 C:\xampp\htdocs\alba_educations\index.php(37): CodeIgniter\CodeIgniter->run()
#6 {main}
CRITICAL - 2021-12-07 02:11:36 --> syntax error, unexpected token "function", expecting ")"
#0 C:\xampp\htdocs\alba_educations\system\CodeIgniter.php(389): CodeIgniter\CodeIgniter->tryToRouteIt(NULL)
#1 C:\xampp\htdocs\alba_educations\system\CodeIgniter.php(336): CodeIgniter\CodeIgniter->handleRequest(NULL, Object(Config\Cache), false)
#2 C:\xampp\htdocs\alba_educations\index.php(37): CodeIgniter\CodeIgniter->run()
#3 {main}
CRITICAL - 2021-12-07 05:21:22 --> include(): http:// wrapper is disabled in the server configuration by allow_url_include=0
#0 C:\xampp\htdocs\alba_educations\app\Views\Admin\AdminUploadPost.php(19): CodeIgniter\Debug\Exceptions->errorHandler(2, 'include(): http...', 'C:\\xampp\\htdocs...', 19)
#1 C:\xampp\htdocs\alba_educations\app\Views\Admin\AdminUploadPost.php(19): include()
#2 C:\xampp\htdocs\alba_educations\system\View\View.php(230): include('C:\\xampp\\htdocs...')
#3 C:\xampp\htdocs\alba_educations\system\View\View.php(232): CodeIgniter\View\View->CodeIgniter\View\{closure}()
#4 C:\xampp\htdocs\alba_educations\system\Common.php(1271): CodeIgniter\View\View->render('admin/AdminUplo...', Array, true)
#5 C:\xampp\htdocs\alba_educations\app\Config\Routes.php(72): view('admin/AdminUplo...')
#6 C:\xampp\htdocs\alba_educations\system\CodeIgniter.php(875): CodeIgniter\CodeIgniter->Config\{closure}()
#7 C:\xampp\htdocs\alba_educations\system\CodeIgniter.php(421): CodeIgniter\CodeIgniter->startController()
#8 C:\xampp\htdocs\alba_educations\system\CodeIgniter.php(336): CodeIgniter\CodeIgniter->handleRequest(NULL, Object(Config\Cache), false)
#9 C:\xampp\htdocs\alba_educations\index.php(37): CodeIgniter\CodeIgniter->run()
#10 {main}
CRITICAL - 2021-12-07 05:21:32 --> include(/public/Admin/inc/topbar.php): Failed to open stream: No such file or directory
#0 C:\xampp\htdocs\alba_educations\app\Views\Admin\AdminUploadPost.php(19): CodeIgniter\Debug\Exceptions->errorHandler(2, 'include(/public...', 'C:\\xampp\\htdocs...', 19)
#1 C:\xampp\htdocs\alba_educations\app\Views\Admin\AdminUploadPost.php(19): include()
#2 C:\xampp\htdocs\alba_educations\system\View\View.php(230): include('C:\\xampp\\htdocs...')
#3 C:\xampp\htdocs\alba_educations\system\View\View.php(232): CodeIgniter\View\View->CodeIgniter\View\{closure}()
#4 C:\xampp\htdocs\alba_educations\system\Common.php(1271): CodeIgniter\View\View->render('admin/AdminUplo...', Array, true)
#5 C:\xampp\htdocs\alba_educations\app\Config\Routes.php(72): view('admin/AdminUplo...')
#6 C:\xampp\htdocs\alba_educations\system\CodeIgniter.php(875): CodeIgniter\CodeIgniter->Config\{closure}()
#7 C:\xampp\htdocs\alba_educations\system\CodeIgniter.php(421): CodeIgniter\CodeIgniter->startController()
#8 C:\xampp\htdocs\alba_educations\system\CodeIgniter.php(336): CodeIgniter\CodeIgniter->handleRequest(NULL, Object(Config\Cache), false)
#9 C:\xampp\htdocs\alba_educations\index.php(37): CodeIgniter\CodeIgniter->run()
#10 {main}
CRITICAL - 2021-12-07 06:14:13 --> Undefined array key 0
#0 C:\xampp\htdocs\alba_educations\app\Models\Admin\functions_Model.php(10): CodeIgniter\Debug\Exceptions->errorHandler(2, 'Undefined array...', 'C:\\xampp\\htdocs...', 10)
#1 C:\xampp\htdocs\alba_educations\app\Controllers\Admin\Blogs.php(29): App\Models\Admin\functions_Model->add_new_data_withoutDuplicate('blogs', Array)
#2 C:\xampp\htdocs\alba_educations\system\CodeIgniter.php(928): App\Controllers\Admin\Blogs->add_new_blog()
#3 C:\xampp\htdocs\alba_educations\system\CodeIgniter.php(436): CodeIgniter\CodeIgniter->runController(Object(App\Controllers\Admin\Blogs))
#4 C:\xampp\htdocs\alba_educations\system\CodeIgniter.php(336): CodeIgniter\CodeIgniter->handleRequest(NULL, Object(Config\Cache), false)
#5 C:\xampp\htdocs\alba_educations\index.php(37): CodeIgniter\CodeIgniter->run()
#6 {main}
CRITICAL - 2021-12-07 06:18:22 --> Undefined array key 0
#0 C:\xampp\htdocs\alba_educations\app\Models\Admin\functions_Model.php(10): CodeIgniter\Debug\Exceptions->errorHandler(2, 'Undefined array...', 'C:\\xampp\\htdocs...', 10)
#1 C:\xampp\htdocs\alba_educations\app\Controllers\Admin\Blogs.php(29): App\Models\Admin\functions_Model->add_new_data_withoutDuplicate('blogs', Array)
#2 C:\xampp\htdocs\alba_educations\system\CodeIgniter.php(928): App\Controllers\Admin\Blogs->add_new_blog()
#3 C:\xampp\htdocs\alba_educations\system\CodeIgniter.php(436): CodeIgniter\CodeIgniter->runController(Object(App\Controllers\Admin\Blogs))
#4 C:\xampp\htdocs\alba_educations\system\CodeIgniter.php(336): CodeIgniter\CodeIgniter->handleRequest(NULL, Object(Config\Cache), false)
#5 C:\xampp\htdocs\alba_educations\index.php(37): CodeIgniter\CodeIgniter->run()
#6 {main}
ERROR - 2021-12-07 06:18:31 --> Illegal parameter data types int and row for operation '='
CRITICAL - 2021-12-07 06:18:31 --> Illegal parameter data types int and row for operation '='
#0 C:\xampp\htdocs\alba_educations\system\Database\MySQLi\Connection.php(329): mysqli->query('SELECT COUNT(*)...')
#1 C:\xampp\htdocs\alba_educations\system\Database\BaseConnection.php(732): CodeIgniter\Database\MySQLi\Connection->execute('SELECT COUNT(*)...')
#2 C:\xampp\htdocs\alba_educations\system\Database\BaseConnection.php(647): CodeIgniter\Database\BaseConnection->simpleQuery('SELECT COUNT(*)...')
#3 C:\xampp\htdocs\alba_educations\system\Database\BaseBuilder.php(1981): CodeIgniter\Database\BaseConnection->query('SELECT COUNT(*)...', Array, false)
#4 C:\xampp\htdocs\alba_educations\app\Models\Admin\functions_Model.php(12): CodeIgniter\Database\BaseBuilder->countAllResults()
#5 C:\xampp\htdocs\alba_educations\app\Controllers\Admin\Blogs.php(29): App\Models\Admin\functions_Model->add_new_data_withoutDuplicate('blogs', Array)
#6 C:\xampp\htdocs\alba_educations\system\CodeIgniter.php(928): App\Controllers\Admin\Blogs->add_new_blog()
#7 C:\xampp\htdocs\alba_educations\system\CodeIgniter.php(436): CodeIgniter\CodeIgniter->runController(Object(App\Controllers\Admin\Blogs))
#8 C:\xampp\htdocs\alba_educations\system\CodeIgniter.php(336): CodeIgniter\CodeIgniter->handleRequest(NULL, Object(Config\Cache), false)
#9 C:\xampp\htdocs\alba_educations\index.php(37): CodeIgniter\CodeIgniter->run()
#10 {main}
CRITICAL - 2021-12-07 23:46:19 --> Invalid file: FrontEnd/Blog.php
#0 C:\xampp\htdocs\alba_educations\system\View\View.php(213): CodeIgniter\Exceptions\FrameworkException::forInvalidFile('FrontEnd/Blog.p...')
#1 C:\xampp\htdocs\alba_educations\system\Common.php(1271): CodeIgniter\View\View->render('FrontEnd/Blog', Array, true)
#2 C:\xampp\htdocs\alba_educations\app\Controllers\FrontEnd\Blog.php(9): view('FrontEnd/Blog')
#3 C:\xampp\htdocs\alba_educations\system\CodeIgniter.php(928): App\Controllers\FrontEnd\Blog->index()
#4 C:\xampp\htdocs\alba_educations\system\CodeIgniter.php(436): CodeIgniter\CodeIgniter->runController(Object(App\Controllers\FrontEnd\Blog))
#5 C:\xampp\htdocs\alba_educations\system\CodeIgniter.php(336): CodeIgniter\CodeIgniter->handleRequest(NULL, Object(Config\Cache), false)
#6 C:\xampp\htdocs\alba_educations\index.php(37): CodeIgniter\CodeIgniter->run()
#7 {main}
