CRITICAL - 2021-11-15 00:58:56 --> include(/Public/FrontEnd/inc/header.php): Failed to open stream: No such file or directory
#0 C:\xampp\htdocs\alba_educations\app\Views\FrontEnd\Home.php(33): CodeIgniter\Debug\Exceptions->errorHandler(2, 'include(/Public...', 'C:\\xampp\\htdocs...', 33)
#1 C:\xampp\htdocs\alba_educations\app\Views\FrontEnd\Home.php(33): include()
#2 C:\xampp\htdocs\alba_educations\system\View\View.php(230): include('C:\\xampp\\htdocs...')
#3 C:\xampp\htdocs\alba_educations\system\View\View.php(232): CodeIgniter\View\View->CodeIgniter\View\{closure}()
#4 C:\xampp\htdocs\alba_educations\system\Common.php(1271): CodeIgniter\View\View->render('FrontEnd/Home', Array, true)
#5 C:\xampp\htdocs\alba_educations\app\Controllers\FrontEnd\Home.php(9): view('FrontEnd/Home')
#6 C:\xampp\htdocs\alba_educations\system\CodeIgniter.php(928): App\Controllers\FrontEnd\Home->index()
#7 C:\xampp\htdocs\alba_educations\system\CodeIgniter.php(436): CodeIgniter\CodeIgniter->runController(Object(App\Controllers\FrontEnd\Home))
#8 C:\xampp\htdocs\alba_educations\system\CodeIgniter.php(336): CodeIgniter\CodeIgniter->handleRequest(NULL, Object(Config\Cache), false)
#9 C:\xampp\htdocs\alba_educations\index.php(37): CodeIgniter\CodeIgniter->run()
#10 {main}
CRITICAL - 2021-11-15 00:59:27 --> include(/Public/FrontEnd/inc/header.php): Failed to open stream: No such file or directory
#0 C:\xampp\htdocs\alba_educations\app\Views\FrontEnd\Home.php(33): CodeIgniter\Debug\Exceptions->errorHandler(2, 'include(/Public...', 'C:\\xampp\\htdocs...', 33)
#1 C:\xampp\htdocs\alba_educations\app\Views\FrontEnd\Home.php(33): include()
#2 C:\xampp\htdocs\alba_educations\system\View\View.php(230): include('C:\\xampp\\htdocs...')
#3 C:\xampp\htdocs\alba_educations\system\View\View.php(232): CodeIgniter\View\View->CodeIgniter\View\{closure}()
#4 C:\xampp\htdocs\alba_educations\system\Common.php(1271): CodeIgniter\View\View->render('FrontEnd/Home', Array, true)
#5 C:\xampp\htdocs\alba_educations\app\Controllers\FrontEnd\Home.php(9): view('FrontEnd/Home')
#6 C:\xampp\htdocs\alba_educations\system\CodeIgniter.php(928): App\Controllers\FrontEnd\Home->index()
#7 C:\xampp\htdocs\alba_educations\system\CodeIgniter.php(436): CodeIgniter\CodeIgniter->runController(Object(App\Controllers\FrontEnd\Home))
#8 C:\xampp\htdocs\alba_educations\system\CodeIgniter.php(336): CodeIgniter\CodeIgniter->handleRequest(NULL, Object(Config\Cache), false)
#9 C:\xampp\htdocs\alba_educations\index.php(37): CodeIgniter\CodeIgniter->run()
#10 {main}
CRITICAL - 2021-11-15 00:59:41 --> include(/public/FrontEnd/inc/header.php): Failed to open stream: No such file or directory
#0 C:\xampp\htdocs\alba_educations\app\Views\FrontEnd\Home.php(33): CodeIgniter\Debug\Exceptions->errorHandler(2, 'include(/public...', 'C:\\xampp\\htdocs...', 33)
#1 C:\xampp\htdocs\alba_educations\app\Views\FrontEnd\Home.php(33): include()
#2 C:\xampp\htdocs\alba_educations\system\View\View.php(230): include('C:\\xampp\\htdocs...')
#3 C:\xampp\htdocs\alba_educations\system\View\View.php(232): CodeIgniter\View\View->CodeIgniter\View\{closure}()
#4 C:\xampp\htdocs\alba_educations\system\Common.php(1271): CodeIgniter\View\View->render('FrontEnd/Home', Array, true)
#5 C:\xampp\htdocs\alba_educations\app\Controllers\FrontEnd\Home.php(9): view('FrontEnd/Home')
#6 C:\xampp\htdocs\alba_educations\system\CodeIgniter.php(928): App\Controllers\FrontEnd\Home->index()
#7 C:\xampp\htdocs\alba_educations\system\CodeIgniter.php(436): CodeIgniter\CodeIgniter->runController(Object(App\Controllers\FrontEnd\Home))
#8 C:\xampp\htdocs\alba_educations\system\CodeIgniter.php(336): CodeIgniter\CodeIgniter->handleRequest(NULL, Object(Config\Cache), false)
#9 C:\xampp\htdocs\alba_educations\index.php(37): CodeIgniter\CodeIgniter->run()
#10 {main}
CRITICAL - 2021-11-15 01:00:03 --> include(/public/FrontEnd/inc/header.php): Failed to open stream: No such file or directory
#0 C:\xampp\htdocs\alba_educations\app\Views\FrontEnd\Home.php(33): CodeIgniter\Debug\Exceptions->errorHandler(2, 'include(/public...', 'C:\\xampp\\htdocs...', 33)
#1 C:\xampp\htdocs\alba_educations\app\Views\FrontEnd\Home.php(33): include()
#2 C:\xampp\htdocs\alba_educations\system\View\View.php(230): include('C:\\xampp\\htdocs...')
#3 C:\xampp\htdocs\alba_educations\system\View\View.php(232): CodeIgniter\View\View->CodeIgniter\View\{closure}()
#4 C:\xampp\htdocs\alba_educations\system\Common.php(1271): CodeIgniter\View\View->render('FrontEnd/Home', Array, true)
#5 C:\xampp\htdocs\alba_educations\app\Controllers\FrontEnd\Home.php(9): view('FrontEnd/Home')
#6 C:\xampp\htdocs\alba_educations\system\CodeIgniter.php(928): App\Controllers\FrontEnd\Home->index()
#7 C:\xampp\htdocs\alba_educations\system\CodeIgniter.php(436): CodeIgniter\CodeIgniter->runController(Object(App\Controllers\FrontEnd\Home))
#8 C:\xampp\htdocs\alba_educations\system\CodeIgniter.php(336): CodeIgniter\CodeIgniter->handleRequest(NULL, Object(Config\Cache), false)
#9 C:\xampp\htdocs\alba_educations\index.php(37): CodeIgniter\CodeIgniter->run()
#10 {main}
CRITICAL - 2021-11-15 01:00:14 --> include(/public/FrontEnd/inc/header.php): Failed to open stream: No such file or directory
#0 C:\xampp\htdocs\alba_educations\app\Views\FrontEnd\Home.php(33): CodeIgniter\Debug\Exceptions->errorHandler(2, 'include(/public...', 'C:\\xampp\\htdocs...', 33)
#1 C:\xampp\htdocs\alba_educations\app\Views\FrontEnd\Home.php(33): include()
#2 C:\xampp\htdocs\alba_educations\system\View\View.php(230): include('C:\\xampp\\htdocs...')
#3 C:\xampp\htdocs\alba_educations\system\View\View.php(232): CodeIgniter\View\View->CodeIgniter\View\{closure}()
#4 C:\xampp\htdocs\alba_educations\system\Common.php(1271): CodeIgniter\View\View->render('FrontEnd/Home', Array, true)
#5 C:\xampp\htdocs\alba_educations\app\Controllers\FrontEnd\Home.php(9): view('FrontEnd/Home')
#6 C:\xampp\htdocs\alba_educations\system\CodeIgniter.php(928): App\Controllers\FrontEnd\Home->index()
#7 C:\xampp\htdocs\alba_educations\system\CodeIgniter.php(436): CodeIgniter\CodeIgniter->runController(Object(App\Controllers\FrontEnd\Home))
#8 C:\xampp\htdocs\alba_educations\system\CodeIgniter.php(336): CodeIgniter\CodeIgniter->handleRequest(NULL, Object(Config\Cache), false)
#9 C:\xampp\htdocs\alba_educations\index.php(37): CodeIgniter\CodeIgniter->run()
#10 {main}
CRITICAL - 2021-11-15 03:11:52 --> Invalid file: FrontEnd/Gallery.php
#0 C:\xampp\htdocs\alba_educations\system\View\View.php(213): CodeIgniter\Exceptions\FrameworkException::forInvalidFile('FrontEnd/Galler...')
#1 C:\xampp\htdocs\alba_educations\system\Common.php(1271): CodeIgniter\View\View->render('FrontEnd/Galler...', Array, true)
#2 C:\xampp\htdocs\alba_educations\app\Controllers\FrontEnd\Gallery.php(9): view('FrontEnd/Galler...')
#3 C:\xampp\htdocs\alba_educations\system\CodeIgniter.php(928): App\Controllers\FrontEnd\Gallery->index()
#4 C:\xampp\htdocs\alba_educations\system\CodeIgniter.php(436): CodeIgniter\CodeIgniter->runController(Object(App\Controllers\FrontEnd\Gallery))
#5 C:\xampp\htdocs\alba_educations\system\CodeIgniter.php(336): CodeIgniter\CodeIgniter->handleRequest(NULL, Object(Config\Cache), false)
#6 C:\xampp\htdocs\alba_educations\index.php(37): CodeIgniter\CodeIgniter->run()
#7 {main}
