CRITICAL - 2021-12-14 03:55:08 --> Undefined variable $grade
#0 C:\xampp\htdocs\alba_educations\app\Views\Admin\AdminCurriculumStudent.php(94): CodeIgniter\Debug\Exceptions->errorHandler(2, 'Undefined varia...', 'C:\\xampp\\htdocs...', 94)
#1 C:\xampp\htdocs\alba_educations\system\View\View.php(230): include('C:\\xampp\\htdocs...')
#2 C:\xampp\htdocs\alba_educations\system\View\View.php(232): CodeIgniter\View\View->CodeIgniter\View\{closure}()
#3 C:\xampp\htdocs\alba_educations\system\Common.php(1271): CodeIgniter\View\View->render('Admin/AdminCurr...', Array, true)
#4 C:\xampp\htdocs\alba_educations\app\Controllers\Admin\Teachers.php(213): view('Admin/AdminCurr...', Array)
#5 C:\xampp\htdocs\alba_educations\system\CodeIgniter.php(928): App\Controllers\Admin\Teachers->adminCurriculumStudent()
#6 C:\xampp\htdocs\alba_educations\system\CodeIgniter.php(436): CodeIgniter\CodeIgniter->runController(Object(App\Controllers\Admin\Teachers))
#7 C:\xampp\htdocs\alba_educations\system\CodeIgniter.php(336): CodeIgniter\CodeIgniter->handleRequest(NULL, Object(Config\Cache), false)
#8 C:\xampp\htdocs\alba_educations\index.php(37): CodeIgniter\CodeIgniter->run()
#9 {main}
CRITICAL - 2021-12-14 05:09:28 --> foreach() argument must be of type array|object, string given
#0 C:\xampp\htdocs\alba_educations\app\Controllers\Admin\Students.php(45): CodeIgniter\Debug\Exceptions->errorHandler(2, 'foreach() argum...', 'C:\\xampp\\htdocs...', 45)
#1 C:\xampp\htdocs\alba_educations\system\CodeIgniter.php(928): App\Controllers\Admin\Students->students_students()
#2 C:\xampp\htdocs\alba_educations\system\CodeIgniter.php(436): CodeIgniter\CodeIgniter->runController(Object(App\Controllers\Admin\Students))
#3 C:\xampp\htdocs\alba_educations\system\CodeIgniter.php(336): CodeIgniter\CodeIgniter->handleRequest(NULL, Object(Config\Cache), false)
#4 C:\xampp\htdocs\alba_educations\index.php(37): CodeIgniter\CodeIgniter->run()
#5 {main}
CRITICAL - 2021-12-14 05:40:49 --> foreach() argument must be of type array|object, string given
#0 C:\xampp\htdocs\alba_educations\app\Controllers\Admin\Students.php(46): CodeIgniter\Debug\Exceptions->errorHandler(2, 'foreach() argum...', 'C:\\xampp\\htdocs...', 46)
#1 C:\xampp\htdocs\alba_educations\system\CodeIgniter.php(928): App\Controllers\Admin\Students->students_students()
#2 C:\xampp\htdocs\alba_educations\system\CodeIgniter.php(436): CodeIgniter\CodeIgniter->runController(Object(App\Controllers\Admin\Students))
#3 C:\xampp\htdocs\alba_educations\system\CodeIgniter.php(336): CodeIgniter\CodeIgniter->handleRequest(NULL, Object(Config\Cache), false)
#4 C:\xampp\htdocs\alba_educations\index.php(37): CodeIgniter\CodeIgniter->run()
#5 {main}
CRITICAL - 2021-12-14 05:43:52 --> foreach() argument must be of type array|object, string given
#0 C:\xampp\htdocs\alba_educations\app\Controllers\Admin\Students.php(45): CodeIgniter\Debug\Exceptions->errorHandler(2, 'foreach() argum...', 'C:\\xampp\\htdocs...', 45)
#1 C:\xampp\htdocs\alba_educations\system\CodeIgniter.php(928): App\Controllers\Admin\Students->students_students()
#2 C:\xampp\htdocs\alba_educations\system\CodeIgniter.php(436): CodeIgniter\CodeIgniter->runController(Object(App\Controllers\Admin\Students))
#3 C:\xampp\htdocs\alba_educations\system\CodeIgniter.php(336): CodeIgniter\CodeIgniter->handleRequest(NULL, Object(Config\Cache), false)
#4 C:\xampp\htdocs\alba_educations\index.php(37): CodeIgniter\CodeIgniter->run()
#5 {main}
CRITICAL - 2021-12-14 05:44:02 --> foreach() argument must be of type array|object, string given
#0 C:\xampp\htdocs\alba_educations\app\Controllers\Admin\Students.php(45): CodeIgniter\Debug\Exceptions->errorHandler(2, 'foreach() argum...', 'C:\\xampp\\htdocs...', 45)
#1 C:\xampp\htdocs\alba_educations\system\CodeIgniter.php(928): App\Controllers\Admin\Students->students_students()
#2 C:\xampp\htdocs\alba_educations\system\CodeIgniter.php(436): CodeIgniter\CodeIgniter->runController(Object(App\Controllers\Admin\Students))
#3 C:\xampp\htdocs\alba_educations\system\CodeIgniter.php(336): CodeIgniter\CodeIgniter->handleRequest(NULL, Object(Config\Cache), false)
#4 C:\xampp\htdocs\alba_educations\index.php(37): CodeIgniter\CodeIgniter->run()
#5 {main}
CRITICAL - 2021-12-14 05:44:39 --> foreach() argument must be of type array|object, string given
#0 C:\xampp\htdocs\alba_educations\app\Controllers\Admin\Students.php(45): CodeIgniter\Debug\Exceptions->errorHandler(2, 'foreach() argum...', 'C:\\xampp\\htdocs...', 45)
#1 C:\xampp\htdocs\alba_educations\system\CodeIgniter.php(928): App\Controllers\Admin\Students->students_students()
#2 C:\xampp\htdocs\alba_educations\system\CodeIgniter.php(436): CodeIgniter\CodeIgniter->runController(Object(App\Controllers\Admin\Students))
#3 C:\xampp\htdocs\alba_educations\system\CodeIgniter.php(336): CodeIgniter\CodeIgniter->handleRequest(NULL, Object(Config\Cache), false)
#4 C:\xampp\htdocs\alba_educations\index.php(37): CodeIgniter\CodeIgniter->run()
#5 {main}
CRITICAL - 2021-12-14 05:45:35 --> foreach() argument must be of type array|object, string given
#0 C:\xampp\htdocs\alba_educations\app\Controllers\Admin\Students.php(45): CodeIgniter\Debug\Exceptions->errorHandler(2, 'foreach() argum...', 'C:\\xampp\\htdocs...', 45)
#1 C:\xampp\htdocs\alba_educations\system\CodeIgniter.php(928): App\Controllers\Admin\Students->students_students()
#2 C:\xampp\htdocs\alba_educations\system\CodeIgniter.php(436): CodeIgniter\CodeIgniter->runController(Object(App\Controllers\Admin\Students))
#3 C:\xampp\htdocs\alba_educations\system\CodeIgniter.php(336): CodeIgniter\CodeIgniter->handleRequest(NULL, Object(Config\Cache), false)
#4 C:\xampp\htdocs\alba_educations\index.php(37): CodeIgniter\CodeIgniter->run()
#5 {main}
CRITICAL - 2021-12-14 06:24:01 --> foreach() argument must be of type array|object, string given
#0 C:\xampp\htdocs\alba_educations\app\Controllers\Admin\Students.php(26): CodeIgniter\Debug\Exceptions->errorHandler(2, 'foreach() argum...', 'C:\\xampp\\htdocs...', 26)
#1 C:\xampp\htdocs\alba_educations\system\CodeIgniter.php(928): App\Controllers\Admin\Students->students_subjects()
#2 C:\xampp\htdocs\alba_educations\system\CodeIgniter.php(436): CodeIgniter\CodeIgniter->runController(Object(App\Controllers\Admin\Students))
#3 C:\xampp\htdocs\alba_educations\system\CodeIgniter.php(336): CodeIgniter\CodeIgniter->handleRequest(NULL, Object(Config\Cache), false)
#4 C:\xampp\htdocs\alba_educations\index.php(37): CodeIgniter\CodeIgniter->run()
#5 {main}
ERROR - 2021-12-14 07:23:21 --> Unknown column 'date' in 'where clause'
CRITICAL - 2021-12-14 07:23:21 --> Unknown column 'date' in 'where clause'
#0 C:\xampp\htdocs\alba_educations\system\Database\MySQLi\Connection.php(329): mysqli->query('SELECT COUNT(*)...')
#1 C:\xampp\htdocs\alba_educations\system\Database\BaseConnection.php(732): CodeIgniter\Database\MySQLi\Connection->execute('SELECT COUNT(*)...')
#2 C:\xampp\htdocs\alba_educations\system\Database\BaseConnection.php(647): CodeIgniter\Database\BaseConnection->simpleQuery('SELECT COUNT(*)...')
#3 C:\xampp\htdocs\alba_educations\system\Database\BaseBuilder.php(1981): CodeIgniter\Database\BaseConnection->query('SELECT COUNT(*)...', Array, false)
#4 C:\xampp\htdocs\alba_educations\app\Models\Admin\functions_Model.php(21): CodeIgniter\Database\BaseBuilder->countAllResults()
#5 C:\xampp\htdocs\alba_educations\app\Controllers\Admin\Curriculum.php(65): App\Models\Admin\functions_Model->add_new_data_withoutDuplicate('blogs', Array, Array)
#6 C:\xampp\htdocs\alba_educations\system\CodeIgniter.php(928): App\Controllers\Admin\Curriculum->addCurriculum()
#7 C:\xampp\htdocs\alba_educations\system\CodeIgniter.php(436): CodeIgniter\CodeIgniter->runController(Object(App\Controllers\Admin\Curriculum))
#8 C:\xampp\htdocs\alba_educations\system\CodeIgniter.php(336): CodeIgniter\CodeIgniter->handleRequest(NULL, Object(Config\Cache), false)
#9 C:\xampp\htdocs\alba_educations\index.php(37): CodeIgniter\CodeIgniter->run()
#10 {main}
ERROR - 2021-12-14 07:24:20 --> Unknown column 'for_date' in 'where clause'
CRITICAL - 2021-12-14 07:24:20 --> Unknown column 'for_date' in 'where clause'
#0 C:\xampp\htdocs\alba_educations\system\Database\MySQLi\Connection.php(329): mysqli->query('SELECT COUNT(*)...')
#1 C:\xampp\htdocs\alba_educations\system\Database\BaseConnection.php(732): CodeIgniter\Database\MySQLi\Connection->execute('SELECT COUNT(*)...')
#2 C:\xampp\htdocs\alba_educations\system\Database\BaseConnection.php(647): CodeIgniter\Database\BaseConnection->simpleQuery('SELECT COUNT(*)...')
#3 C:\xampp\htdocs\alba_educations\system\Database\BaseBuilder.php(1981): CodeIgniter\Database\BaseConnection->query('SELECT COUNT(*)...', Array, false)
#4 C:\xampp\htdocs\alba_educations\app\Models\Admin\functions_Model.php(21): CodeIgniter\Database\BaseBuilder->countAllResults()
#5 C:\xampp\htdocs\alba_educations\app\Controllers\Admin\Curriculum.php(65): App\Models\Admin\functions_Model->add_new_data_withoutDuplicate('blogs', Array, Array)
#6 C:\xampp\htdocs\alba_educations\system\CodeIgniter.php(928): App\Controllers\Admin\Curriculum->addCurriculum()
#7 C:\xampp\htdocs\alba_educations\system\CodeIgniter.php(436): CodeIgniter\CodeIgniter->runController(Object(App\Controllers\Admin\Curriculum))
#8 C:\xampp\htdocs\alba_educations\system\CodeIgniter.php(336): CodeIgniter\CodeIgniter->handleRequest(NULL, Object(Config\Cache), false)
#9 C:\xampp\htdocs\alba_educations\index.php(37): CodeIgniter\CodeIgniter->run()
#10 {main}
ERROR - 2021-12-14 07:24:57 --> Unknown column 'for_date' in 'where clause'
CRITICAL - 2021-12-14 07:24:57 --> Unknown column 'for_date' in 'where clause'
#0 C:\xampp\htdocs\alba_educations\system\Database\MySQLi\Connection.php(329): mysqli->query('SELECT COUNT(*)...')
#1 C:\xampp\htdocs\alba_educations\system\Database\BaseConnection.php(732): CodeIgniter\Database\MySQLi\Connection->execute('SELECT COUNT(*)...')
#2 C:\xampp\htdocs\alba_educations\system\Database\BaseConnection.php(647): CodeIgniter\Database\BaseConnection->simpleQuery('SELECT COUNT(*)...')
#3 C:\xampp\htdocs\alba_educations\system\Database\BaseBuilder.php(1981): CodeIgniter\Database\BaseConnection->query('SELECT COUNT(*)...', Array, false)
#4 C:\xampp\htdocs\alba_educations\app\Models\Admin\functions_Model.php(21): CodeIgniter\Database\BaseBuilder->countAllResults()
#5 C:\xampp\htdocs\alba_educations\app\Controllers\Admin\Curriculum.php(65): App\Models\Admin\functions_Model->add_new_data_withoutDuplicate('blogs', Array, Array)
#6 C:\xampp\htdocs\alba_educations\system\CodeIgniter.php(928): App\Controllers\Admin\Curriculum->addCurriculum()
#7 C:\xampp\htdocs\alba_educations\system\CodeIgniter.php(436): CodeIgniter\CodeIgniter->runController(Object(App\Controllers\Admin\Curriculum))
#8 C:\xampp\htdocs\alba_educations\system\CodeIgniter.php(336): CodeIgniter\CodeIgniter->handleRequest(NULL, Object(Config\Cache), false)
#9 C:\xampp\htdocs\alba_educations\index.php(37): CodeIgniter\CodeIgniter->run()
#10 {main}
ERROR - 2021-12-14 07:28:08 --> Unknown column 'for_date' in 'where clause'
CRITICAL - 2021-12-14 07:28:08 --> Unknown column 'for_date' in 'where clause'
#0 C:\xampp\htdocs\alba_educations\system\Database\MySQLi\Connection.php(329): mysqli->query('SELECT COUNT(*)...')
#1 C:\xampp\htdocs\alba_educations\system\Database\BaseConnection.php(732): CodeIgniter\Database\MySQLi\Connection->execute('SELECT COUNT(*)...')
#2 C:\xampp\htdocs\alba_educations\system\Database\BaseConnection.php(647): CodeIgniter\Database\BaseConnection->simpleQuery('SELECT COUNT(*)...')
#3 C:\xampp\htdocs\alba_educations\system\Database\BaseBuilder.php(1981): CodeIgniter\Database\BaseConnection->query('SELECT COUNT(*)...', Array, false)
#4 C:\xampp\htdocs\alba_educations\app\Models\Admin\functions_Model.php(21): CodeIgniter\Database\BaseBuilder->countAllResults()
#5 C:\xampp\htdocs\alba_educations\app\Controllers\Admin\Curriculum.php(65): App\Models\Admin\functions_Model->add_new_data_withoutDuplicate('blogs', Array, Array)
#6 C:\xampp\htdocs\alba_educations\system\CodeIgniter.php(928): App\Controllers\Admin\Curriculum->addCurriculum()
#7 C:\xampp\htdocs\alba_educations\system\CodeIgniter.php(436): CodeIgniter\CodeIgniter->runController(Object(App\Controllers\Admin\Curriculum))
#8 C:\xampp\htdocs\alba_educations\system\CodeIgniter.php(336): CodeIgniter\CodeIgniter->handleRequest(NULL, Object(Config\Cache), false)
#9 C:\xampp\htdocs\alba_educations\index.php(37): CodeIgniter\CodeIgniter->run()
#10 {main}
ERROR - 2021-12-14 07:29:46 --> Unknown column 'teacher' in 'where clause'
CRITICAL - 2021-12-14 07:29:46 --> Unknown column 'teacher' in 'where clause'
#0 C:\xampp\htdocs\alba_educations\system\Database\MySQLi\Connection.php(329): mysqli->query('SELECT COUNT(*)...')
#1 C:\xampp\htdocs\alba_educations\system\Database\BaseConnection.php(732): CodeIgniter\Database\MySQLi\Connection->execute('SELECT COUNT(*)...')
#2 C:\xampp\htdocs\alba_educations\system\Database\BaseConnection.php(647): CodeIgniter\Database\BaseConnection->simpleQuery('SELECT COUNT(*)...')
#3 C:\xampp\htdocs\alba_educations\system\Database\BaseBuilder.php(1981): CodeIgniter\Database\BaseConnection->query('SELECT COUNT(*)...', Array, false)
#4 C:\xampp\htdocs\alba_educations\app\Models\Admin\functions_Model.php(21): CodeIgniter\Database\BaseBuilder->countAllResults()
#5 C:\xampp\htdocs\alba_educations\app\Controllers\Admin\Curriculum.php(65): App\Models\Admin\functions_Model->add_new_data_withoutDuplicate('blogs', Array, Array)
#6 C:\xampp\htdocs\alba_educations\system\CodeIgniter.php(928): App\Controllers\Admin\Curriculum->addCurriculum()
#7 C:\xampp\htdocs\alba_educations\system\CodeIgniter.php(436): CodeIgniter\CodeIgniter->runController(Object(App\Controllers\Admin\Curriculum))
#8 C:\xampp\htdocs\alba_educations\system\CodeIgniter.php(336): CodeIgniter\CodeIgniter->handleRequest(NULL, Object(Config\Cache), false)
#9 C:\xampp\htdocs\alba_educations\index.php(37): CodeIgniter\CodeIgniter->run()
#10 {main}
ERROR - 2021-12-14 07:30:55 --> Unknown column 'for_date' in 'where clause'
CRITICAL - 2021-12-14 07:30:55 --> Unknown column 'for_date' in 'where clause'
#0 C:\xampp\htdocs\alba_educations\system\Database\MySQLi\Connection.php(329): mysqli->query('SELECT COUNT(*)...')
#1 C:\xampp\htdocs\alba_educations\system\Database\BaseConnection.php(732): CodeIgniter\Database\MySQLi\Connection->execute('SELECT COUNT(*)...')
#2 C:\xampp\htdocs\alba_educations\system\Database\BaseConnection.php(647): CodeIgniter\Database\BaseConnection->simpleQuery('SELECT COUNT(*)...')
#3 C:\xampp\htdocs\alba_educations\system\Database\BaseBuilder.php(1981): CodeIgniter\Database\BaseConnection->query('SELECT COUNT(*)...', Array, false)
#4 C:\xampp\htdocs\alba_educations\app\Models\Admin\functions_Model.php(21): CodeIgniter\Database\BaseBuilder->countAllResults()
#5 C:\xampp\htdocs\alba_educations\app\Controllers\Admin\Curriculum.php(65): App\Models\Admin\functions_Model->add_new_data_withoutDuplicate('blogs', Array, Array)
#6 C:\xampp\htdocs\alba_educations\system\CodeIgniter.php(928): App\Controllers\Admin\Curriculum->addCurriculum()
#7 C:\xampp\htdocs\alba_educations\system\CodeIgniter.php(436): CodeIgniter\CodeIgniter->runController(Object(App\Controllers\Admin\Curriculum))
#8 C:\xampp\htdocs\alba_educations\system\CodeIgniter.php(336): CodeIgniter\CodeIgniter->handleRequest(NULL, Object(Config\Cache), false)
#9 C:\xampp\htdocs\alba_educations\index.php(37): CodeIgniter\CodeIgniter->run()
#10 {main}
ERROR - 2021-12-14 07:31:35 --> Unknown column 'for_date' in 'where clause'
CRITICAL - 2021-12-14 07:31:35 --> Unknown column 'for_date' in 'where clause'
#0 C:\xampp\htdocs\alba_educations\system\Database\MySQLi\Connection.php(329): mysqli->query('SELECT COUNT(*)...')
#1 C:\xampp\htdocs\alba_educations\system\Database\BaseConnection.php(732): CodeIgniter\Database\MySQLi\Connection->execute('SELECT COUNT(*)...')
#2 C:\xampp\htdocs\alba_educations\system\Database\BaseConnection.php(647): CodeIgniter\Database\BaseConnection->simpleQuery('SELECT COUNT(*)...')
#3 C:\xampp\htdocs\alba_educations\system\Database\BaseBuilder.php(1981): CodeIgniter\Database\BaseConnection->query('SELECT COUNT(*)...', Array, false)
#4 C:\xampp\htdocs\alba_educations\app\Models\Admin\functions_Model.php(21): CodeIgniter\Database\BaseBuilder->countAllResults()
#5 C:\xampp\htdocs\alba_educations\app\Controllers\Admin\Curriculum.php(65): App\Models\Admin\functions_Model->add_new_data_withoutDuplicate('blogs', Array, Array)
#6 C:\xampp\htdocs\alba_educations\system\CodeIgniter.php(928): App\Controllers\Admin\Curriculum->addCurriculum()
#7 C:\xampp\htdocs\alba_educations\system\CodeIgniter.php(436): CodeIgniter\CodeIgniter->runController(Object(App\Controllers\Admin\Curriculum))
#8 C:\xampp\htdocs\alba_educations\system\CodeIgniter.php(336): CodeIgniter\CodeIgniter->handleRequest(NULL, Object(Config\Cache), false)
#9 C:\xampp\htdocs\alba_educations\index.php(37): CodeIgniter\CodeIgniter->run()
#10 {main}
ERROR - 2021-12-14 07:33:04 --> Unknown column 'for_date' in 'field list'
CRITICAL - 2021-12-14 07:33:04 --> Unknown column 'for_date' in 'field list'
#0 C:\xampp\htdocs\alba_educations\system\Database\MySQLi\Connection.php(329): mysqli->query('INSERT INTO `bl...')
#1 C:\xampp\htdocs\alba_educations\system\Database\BaseConnection.php(732): CodeIgniter\Database\MySQLi\Connection->execute('INSERT INTO `bl...')
#2 C:\xampp\htdocs\alba_educations\system\Database\BaseConnection.php(647): CodeIgniter\Database\BaseConnection->simpleQuery('INSERT INTO `bl...')
#3 C:\xampp\htdocs\alba_educations\system\Database\BaseBuilder.php(2277): CodeIgniter\Database\BaseConnection->query('INSERT INTO `bl...', Array, false)
#4 C:\xampp\htdocs\alba_educations\app\Models\Admin\functions_Model.php(26): CodeIgniter\Database\BaseBuilder->insert(Array)
#5 C:\xampp\htdocs\alba_educations\app\Controllers\Admin\Curriculum.php(65): App\Models\Admin\functions_Model->add_new_data_withoutDuplicate('blogs', Array, Array)
#6 C:\xampp\htdocs\alba_educations\system\CodeIgniter.php(928): App\Controllers\Admin\Curriculum->addCurriculum()
#7 C:\xampp\htdocs\alba_educations\system\CodeIgniter.php(436): CodeIgniter\CodeIgniter->runController(Object(App\Controllers\Admin\Curriculum))
#8 C:\xampp\htdocs\alba_educations\system\CodeIgniter.php(336): CodeIgniter\CodeIgniter->handleRequest(NULL, Object(Config\Cache), false)
#9 C:\xampp\htdocs\alba_educations\index.php(37): CodeIgniter\CodeIgniter->run()
#10 {main}
ERROR - 2021-12-14 07:33:27 --> Unknown column 'time' in 'field list'
CRITICAL - 2021-12-14 07:33:27 --> Unknown column 'time' in 'field list'
#0 C:\xampp\htdocs\alba_educations\system\Database\MySQLi\Connection.php(329): mysqli->query('INSERT INTO `cu...')
#1 C:\xampp\htdocs\alba_educations\system\Database\BaseConnection.php(732): CodeIgniter\Database\MySQLi\Connection->execute('INSERT INTO `cu...')
#2 C:\xampp\htdocs\alba_educations\system\Database\BaseConnection.php(647): CodeIgniter\Database\BaseConnection->simpleQuery('INSERT INTO `cu...')
#3 C:\xampp\htdocs\alba_educations\system\Database\BaseBuilder.php(2277): CodeIgniter\Database\BaseConnection->query('INSERT INTO `cu...', Array, false)
#4 C:\xampp\htdocs\alba_educations\app\Models\Admin\functions_Model.php(26): CodeIgniter\Database\BaseBuilder->insert(Array)
#5 C:\xampp\htdocs\alba_educations\app\Controllers\Admin\Curriculum.php(65): App\Models\Admin\functions_Model->add_new_data_withoutDuplicate('curriculum', Array, Array)
#6 C:\xampp\htdocs\alba_educations\system\CodeIgniter.php(928): App\Controllers\Admin\Curriculum->addCurriculum()
#7 C:\xampp\htdocs\alba_educations\system\CodeIgniter.php(436): CodeIgniter\CodeIgniter->runController(Object(App\Controllers\Admin\Curriculum))
#8 C:\xampp\htdocs\alba_educations\system\CodeIgniter.php(336): CodeIgniter\CodeIgniter->handleRequest(NULL, Object(Config\Cache), false)
#9 C:\xampp\htdocs\alba_educations\index.php(37): CodeIgniter\CodeIgniter->run()
#10 {main}
ERROR - 2021-12-14 07:33:55 --> Column 'for_date' cannot be null
CRITICAL - 2021-12-14 07:33:55 --> Column 'for_date' cannot be null
#0 C:\xampp\htdocs\alba_educations\system\Database\MySQLi\Connection.php(329): mysqli->query('INSERT INTO `cu...')
#1 C:\xampp\htdocs\alba_educations\system\Database\BaseConnection.php(732): CodeIgniter\Database\MySQLi\Connection->execute('INSERT INTO `cu...')
#2 C:\xampp\htdocs\alba_educations\system\Database\BaseConnection.php(647): CodeIgniter\Database\BaseConnection->simpleQuery('INSERT INTO `cu...')
#3 C:\xampp\htdocs\alba_educations\system\Database\BaseBuilder.php(2277): CodeIgniter\Database\BaseConnection->query('INSERT INTO `cu...', Array, false)
#4 C:\xampp\htdocs\alba_educations\app\Models\Admin\functions_Model.php(26): CodeIgniter\Database\BaseBuilder->insert(Array)
#5 C:\xampp\htdocs\alba_educations\app\Controllers\Admin\Curriculum.php(65): App\Models\Admin\functions_Model->add_new_data_withoutDuplicate('curriculum', Array, Array)
#6 C:\xampp\htdocs\alba_educations\system\CodeIgniter.php(928): App\Controllers\Admin\Curriculum->addCurriculum()
#7 C:\xampp\htdocs\alba_educations\system\CodeIgniter.php(436): CodeIgniter\CodeIgniter->runController(Object(App\Controllers\Admin\Curriculum))
#8 C:\xampp\htdocs\alba_educations\system\CodeIgniter.php(336): CodeIgniter\CodeIgniter->handleRequest(NULL, Object(Config\Cache), false)
#9 C:\xampp\htdocs\alba_educations\index.php(37): CodeIgniter\CodeIgniter->run()
#10 {main}
ERROR - 2021-12-14 07:34:04 --> Column 'for_date' cannot be null
CRITICAL - 2021-12-14 07:34:04 --> Column 'for_date' cannot be null
#0 C:\xampp\htdocs\alba_educations\system\Database\MySQLi\Connection.php(329): mysqli->query('INSERT INTO `cu...')
#1 C:\xampp\htdocs\alba_educations\system\Database\BaseConnection.php(732): CodeIgniter\Database\MySQLi\Connection->execute('INSERT INTO `cu...')
#2 C:\xampp\htdocs\alba_educations\system\Database\BaseConnection.php(647): CodeIgniter\Database\BaseConnection->simpleQuery('INSERT INTO `cu...')
#3 C:\xampp\htdocs\alba_educations\system\Database\BaseBuilder.php(2277): CodeIgniter\Database\BaseConnection->query('INSERT INTO `cu...', Array, false)
#4 C:\xampp\htdocs\alba_educations\app\Models\Admin\functions_Model.php(26): CodeIgniter\Database\BaseBuilder->insert(Array)
#5 C:\xampp\htdocs\alba_educations\app\Controllers\Admin\Curriculum.php(65): App\Models\Admin\functions_Model->add_new_data_withoutDuplicate('curriculum', Array, Array)
#6 C:\xampp\htdocs\alba_educations\system\CodeIgniter.php(928): App\Controllers\Admin\Curriculum->addCurriculum()
#7 C:\xampp\htdocs\alba_educations\system\CodeIgniter.php(436): CodeIgniter\CodeIgniter->runController(Object(App\Controllers\Admin\Curriculum))
#8 C:\xampp\htdocs\alba_educations\system\CodeIgniter.php(336): CodeIgniter\CodeIgniter->handleRequest(NULL, Object(Config\Cache), false)
#9 C:\xampp\htdocs\alba_educations\index.php(37): CodeIgniter\CodeIgniter->run()
#10 {main}
ERROR - 2021-12-14 07:34:37 --> Column 'for_date' cannot be null
CRITICAL - 2021-12-14 07:34:37 --> Column 'for_date' cannot be null
#0 C:\xampp\htdocs\alba_educations\system\Database\MySQLi\Connection.php(329): mysqli->query('INSERT INTO `cu...')
#1 C:\xampp\htdocs\alba_educations\system\Database\BaseConnection.php(732): CodeIgniter\Database\MySQLi\Connection->execute('INSERT INTO `cu...')
#2 C:\xampp\htdocs\alba_educations\system\Database\BaseConnection.php(647): CodeIgniter\Database\BaseConnection->simpleQuery('INSERT INTO `cu...')
#3 C:\xampp\htdocs\alba_educations\system\Database\BaseBuilder.php(2277): CodeIgniter\Database\BaseConnection->query('INSERT INTO `cu...', Array, false)
#4 C:\xampp\htdocs\alba_educations\app\Models\Admin\functions_Model.php(26): CodeIgniter\Database\BaseBuilder->insert(Array)
#5 C:\xampp\htdocs\alba_educations\app\Controllers\Admin\Curriculum.php(65): App\Models\Admin\functions_Model->add_new_data_withoutDuplicate('curriculum', Array, Array)
#6 C:\xampp\htdocs\alba_educations\system\CodeIgniter.php(928): App\Controllers\Admin\Curriculum->addCurriculum()
#7 C:\xampp\htdocs\alba_educations\system\CodeIgniter.php(436): CodeIgniter\CodeIgniter->runController(Object(App\Controllers\Admin\Curriculum))
#8 C:\xampp\htdocs\alba_educations\system\CodeIgniter.php(336): CodeIgniter\CodeIgniter->handleRequest(NULL, Object(Config\Cache), false)
#9 C:\xampp\htdocs\alba_educations\index.php(37): CodeIgniter\CodeIgniter->run()
#10 {main}
ERROR - 2021-12-14 07:34:58 --> Column 'for_date' cannot be null
CRITICAL - 2021-12-14 07:34:58 --> Column 'for_date' cannot be null
#0 C:\xampp\htdocs\alba_educations\system\Database\MySQLi\Connection.php(329): mysqli->query('INSERT INTO `cu...')
#1 C:\xampp\htdocs\alba_educations\system\Database\BaseConnection.php(732): CodeIgniter\Database\MySQLi\Connection->execute('INSERT INTO `cu...')
#2 C:\xampp\htdocs\alba_educations\system\Database\BaseConnection.php(647): CodeIgniter\Database\BaseConnection->simpleQuery('INSERT INTO `cu...')
#3 C:\xampp\htdocs\alba_educations\system\Database\BaseBuilder.php(2277): CodeIgniter\Database\BaseConnection->query('INSERT INTO `cu...', Array, false)
#4 C:\xampp\htdocs\alba_educations\app\Models\Admin\functions_Model.php(26): CodeIgniter\Database\BaseBuilder->insert(Array)
#5 C:\xampp\htdocs\alba_educations\app\Controllers\Admin\Curriculum.php(66): App\Models\Admin\functions_Model->add_new_data_withoutDuplicate('curriculum', Array, Array)
#6 C:\xampp\htdocs\alba_educations\system\CodeIgniter.php(928): App\Controllers\Admin\Curriculum->addCurriculum()
#7 C:\xampp\htdocs\alba_educations\system\CodeIgniter.php(436): CodeIgniter\CodeIgniter->runController(Object(App\Controllers\Admin\Curriculum))
#8 C:\xampp\htdocs\alba_educations\system\CodeIgniter.php(336): CodeIgniter\CodeIgniter->handleRequest(NULL, Object(Config\Cache), false)
#9 C:\xampp\htdocs\alba_educations\index.php(37): CodeIgniter\CodeIgniter->run()
#10 {main}
CRITICAL - 2021-12-14 07:42:16 --> Undefined property: stdClass::$name
#0 C:\xampp\htdocs\alba_educations\app\Views\Admin\AdminCurriculumStudent.php(237): CodeIgniter\Debug\Exceptions->errorHandler(2, 'Undefined prope...', 'C:\\xampp\\htdocs...', 237)
#1 C:\xampp\htdocs\alba_educations\system\View\View.php(230): include('C:\\xampp\\htdocs...')
#2 C:\xampp\htdocs\alba_educations\system\View\View.php(232): CodeIgniter\View\View->CodeIgniter\View\{closure}()
#3 C:\xampp\htdocs\alba_educations\system\Common.php(1271): CodeIgniter\View\View->render('Admin/AdminCurr...', Array, true)
#4 C:\xampp\htdocs\alba_educations\app\Controllers\Admin\Curriculum.php(31): view('Admin/AdminCurr...', Array)
#5 C:\xampp\htdocs\alba_educations\system\CodeIgniter.php(928): App\Controllers\Admin\Curriculum->adminCurriculumStudent()
#6 C:\xampp\htdocs\alba_educations\system\CodeIgniter.php(436): CodeIgniter\CodeIgniter->runController(Object(App\Controllers\Admin\Curriculum))
#7 C:\xampp\htdocs\alba_educations\system\CodeIgniter.php(336): CodeIgniter\CodeIgniter->handleRequest(NULL, Object(Config\Cache), false)
#8 C:\xampp\htdocs\alba_educations\index.php(37): CodeIgniter\CodeIgniter->run()
#9 {main}
CRITICAL - 2021-12-14 07:42:52 --> Undefined property: stdClass::$name
#0 C:\xampp\htdocs\alba_educations\app\Views\Admin\AdminCurriculumStudent.php(237): CodeIgniter\Debug\Exceptions->errorHandler(2, 'Undefined prope...', 'C:\\xampp\\htdocs...', 237)
#1 C:\xampp\htdocs\alba_educations\system\View\View.php(230): include('C:\\xampp\\htdocs...')
#2 C:\xampp\htdocs\alba_educations\system\View\View.php(232): CodeIgniter\View\View->CodeIgniter\View\{closure}()
#3 C:\xampp\htdocs\alba_educations\system\Common.php(1271): CodeIgniter\View\View->render('Admin/AdminCurr...', Array, true)
#4 C:\xampp\htdocs\alba_educations\app\Controllers\Admin\Curriculum.php(31): view('Admin/AdminCurr...', Array)
#5 C:\xampp\htdocs\alba_educations\system\CodeIgniter.php(928): App\Controllers\Admin\Curriculum->adminCurriculumStudent()
#6 C:\xampp\htdocs\alba_educations\system\CodeIgniter.php(436): CodeIgniter\CodeIgniter->runController(Object(App\Controllers\Admin\Curriculum))
#7 C:\xampp\htdocs\alba_educations\system\CodeIgniter.php(336): CodeIgniter\CodeIgniter->handleRequest(NULL, Object(Config\Cache), false)
#8 C:\xampp\htdocs\alba_educations\index.php(37): CodeIgniter\CodeIgniter->run()
#9 {main}
CRITICAL - 2021-12-14 07:42:58 --> Undefined property: stdClass::$name
#0 C:\xampp\htdocs\alba_educations\app\Views\Admin\AdminCurriculumStudent.php(237): CodeIgniter\Debug\Exceptions->errorHandler(2, 'Undefined prope...', 'C:\\xampp\\htdocs...', 237)
#1 C:\xampp\htdocs\alba_educations\system\View\View.php(230): include('C:\\xampp\\htdocs...')
#2 C:\xampp\htdocs\alba_educations\system\View\View.php(232): CodeIgniter\View\View->CodeIgniter\View\{closure}()
#3 C:\xampp\htdocs\alba_educations\system\Common.php(1271): CodeIgniter\View\View->render('Admin/AdminCurr...', Array, true)
#4 C:\xampp\htdocs\alba_educations\app\Controllers\Admin\Curriculum.php(31): view('Admin/AdminCurr...', Array)
#5 C:\xampp\htdocs\alba_educations\system\CodeIgniter.php(928): App\Controllers\Admin\Curriculum->adminCurriculumStudent()
#6 C:\xampp\htdocs\alba_educations\system\CodeIgniter.php(436): CodeIgniter\CodeIgniter->runController(Object(App\Controllers\Admin\Curriculum))
#7 C:\xampp\htdocs\alba_educations\system\CodeIgniter.php(336): CodeIgniter\CodeIgniter->handleRequest(NULL, Object(Config\Cache), false)
#8 C:\xampp\htdocs\alba_educations\index.php(37): CodeIgniter\CodeIgniter->run()
#9 {main}
CRITICAL - 2021-12-14 07:48:47 --> Undefined property: stdClass::$user_teacher_id
#0 C:\xampp\htdocs\alba_educations\app\Views\Admin\AdminCurriculumStudent.php(257): CodeIgniter\Debug\Exceptions->errorHandler(2, 'Undefined prope...', 'C:\\xampp\\htdocs...', 257)
#1 C:\xampp\htdocs\alba_educations\system\View\View.php(230): include('C:\\xampp\\htdocs...')
#2 C:\xampp\htdocs\alba_educations\system\View\View.php(232): CodeIgniter\View\View->CodeIgniter\View\{closure}()
#3 C:\xampp\htdocs\alba_educations\system\Common.php(1271): CodeIgniter\View\View->render('Admin/AdminCurr...', Array, true)
#4 C:\xampp\htdocs\alba_educations\app\Controllers\Admin\Curriculum.php(31): view('Admin/AdminCurr...', Array)
#5 C:\xampp\htdocs\alba_educations\system\CodeIgniter.php(928): App\Controllers\Admin\Curriculum->adminCurriculumStudent()
#6 C:\xampp\htdocs\alba_educations\system\CodeIgniter.php(436): CodeIgniter\CodeIgniter->runController(Object(App\Controllers\Admin\Curriculum))
#7 C:\xampp\htdocs\alba_educations\system\CodeIgniter.php(336): CodeIgniter\CodeIgniter->handleRequest(NULL, Object(Config\Cache), false)
#8 C:\xampp\htdocs\alba_educations\index.php(37): CodeIgniter\CodeIgniter->run()
#9 {main}
CRITICAL - 2021-12-14 21:22:17 --> The framework needs the following extension(s) installed and loaded: intl.
#0 C:\xampp\htdocs\alba_educations\system\CodeIgniter.php(228): CodeIgniter\Exceptions\FrameworkException::forMissingExtension('intl')
#1 C:\xampp\htdocs\alba_educations\system\CodeIgniter.php(180): CodeIgniter\CodeIgniter->resolvePlatformExtensions()
#2 C:\xampp\htdocs\alba_educations\system\bootstrap.php(157): CodeIgniter\CodeIgniter->initialize()
#3 C:\xampp\htdocs\alba_educations\index.php(28): require('C:\\xampp\\htdocs...')
#4 {main}
CRITICAL - 2021-12-14 21:24:58 --> The framework needs the following extension(s) installed and loaded: intl.
#0 C:\xampp\htdocs\alba_educations\system\CodeIgniter.php(228): CodeIgniter\Exceptions\FrameworkException::forMissingExtension('intl')
#1 C:\xampp\htdocs\alba_educations\system\CodeIgniter.php(180): CodeIgniter\CodeIgniter->resolvePlatformExtensions()
#2 C:\xampp\htdocs\alba_educations\system\bootstrap.php(157): CodeIgniter\CodeIgniter->initialize()
#3 C:\xampp\htdocs\alba_educations\index.php(28): require('C:\\xampp\\htdocs...')
#4 {main}
ERROR - 2021-12-14 14:25:46 --> Table 'alba_educations.curriculum' doesn't exist
CRITICAL - 2021-12-14 14:25:46 --> Table 'alba_educations.curriculum' doesn't exist
#0 C:\xampp\htdocs\alba_educations\system\Database\MySQLi\Connection.php(329): mysqli->query('SELECT COUNT(*)...')
#1 C:\xampp\htdocs\alba_educations\system\Database\BaseConnection.php(732): CodeIgniter\Database\MySQLi\Connection->execute('SELECT COUNT(*)...')
#2 C:\xampp\htdocs\alba_educations\system\Database\BaseConnection.php(647): CodeIgniter\Database\BaseConnection->simpleQuery('SELECT COUNT(*)...')
#3 C:\xampp\htdocs\alba_educations\system\Database\BaseBuilder.php(1981): CodeIgniter\Database\BaseConnection->query('SELECT COUNT(*)...', Array, false)
#4 C:\xampp\htdocs\alba_educations\app\Models\Admin\functions_Model.php(10): CodeIgniter\Database\BaseBuilder->countAllResults()
#5 C:\xampp\htdocs\alba_educations\app\Controllers\Admin\Curriculum.php(29): App\Models\Admin\functions_Model->get_table_data('curriculum', Array)
#6 C:\xampp\htdocs\alba_educations\system\CodeIgniter.php(928): App\Controllers\Admin\Curriculum->adminCurriculumStudent()
#7 C:\xampp\htdocs\alba_educations\system\CodeIgniter.php(436): CodeIgniter\CodeIgniter->runController(Object(App\Controllers\Admin\Curriculum))
#8 C:\xampp\htdocs\alba_educations\system\CodeIgniter.php(336): CodeIgniter\CodeIgniter->handleRequest(NULL, Object(Config\Cache), false)
#9 C:\xampp\htdocs\alba_educations\index.php(37): CodeIgniter\CodeIgniter->run()
#10 {main}
ERROR - 2021-12-14 14:26:27 --> Table 'alba_educations.curriculum' doesn't exist
CRITICAL - 2021-12-14 14:26:27 --> Table 'alba_educations.curriculum' doesn't exist
#0 C:\xampp\htdocs\alba_educations\system\Database\MySQLi\Connection.php(329): mysqli->query('SELECT COUNT(*)...')
#1 C:\xampp\htdocs\alba_educations\system\Database\BaseConnection.php(732): CodeIgniter\Database\MySQLi\Connection->execute('SELECT COUNT(*)...')
#2 C:\xampp\htdocs\alba_educations\system\Database\BaseConnection.php(647): CodeIgniter\Database\BaseConnection->simpleQuery('SELECT COUNT(*)...')
#3 C:\xampp\htdocs\alba_educations\system\Database\BaseBuilder.php(1981): CodeIgniter\Database\BaseConnection->query('SELECT COUNT(*)...', Array, false)
#4 C:\xampp\htdocs\alba_educations\app\Models\Admin\functions_Model.php(10): CodeIgniter\Database\BaseBuilder->countAllResults()
#5 C:\xampp\htdocs\alba_educations\app\Controllers\Admin\Curriculum.php(29): App\Models\Admin\functions_Model->get_table_data('curriculum', Array)
#6 C:\xampp\htdocs\alba_educations\system\CodeIgniter.php(928): App\Controllers\Admin\Curriculum->adminCurriculumStudent()
#7 C:\xampp\htdocs\alba_educations\system\CodeIgniter.php(436): CodeIgniter\CodeIgniter->runController(Object(App\Controllers\Admin\Curriculum))
#8 C:\xampp\htdocs\alba_educations\system\CodeIgniter.php(336): CodeIgniter\CodeIgniter->handleRequest(NULL, Object(Config\Cache), false)
#9 C:\xampp\htdocs\alba_educations\index.php(37): CodeIgniter\CodeIgniter->run()
#10 {main}
ERROR - 2021-12-14 14:29:40 --> Unknown column 'student' in 'where clause'
CRITICAL - 2021-12-14 14:29:40 --> Unknown column 'student' in 'where clause'
#0 C:\xampp\htdocs\alba_educations\system\Database\MySQLi\Connection.php(329): mysqli->query('SELECT COUNT(*)...')
#1 C:\xampp\htdocs\alba_educations\system\Database\BaseConnection.php(732): CodeIgniter\Database\MySQLi\Connection->execute('SELECT COUNT(*)...')
#2 C:\xampp\htdocs\alba_educations\system\Database\BaseConnection.php(647): CodeIgniter\Database\BaseConnection->simpleQuery('SELECT COUNT(*)...')
#3 C:\xampp\htdocs\alba_educations\system\Database\BaseBuilder.php(1981): CodeIgniter\Database\BaseConnection->query('SELECT COUNT(*)...', Array, false)
#4 C:\xampp\htdocs\alba_educations\app\Models\Admin\functions_Model.php(21): CodeIgniter\Database\BaseBuilder->countAllResults()
#5 C:\xampp\htdocs\alba_educations\app\Controllers\Admin\Curriculum.php(77): App\Models\Admin\functions_Model->add_new_data_withoutDuplicate('curriculum', Array, Array)
#6 C:\xampp\htdocs\alba_educations\system\CodeIgniter.php(928): App\Controllers\Admin\Curriculum->addCurriculum()
#7 C:\xampp\htdocs\alba_educations\system\CodeIgniter.php(436): CodeIgniter\CodeIgniter->runController(Object(App\Controllers\Admin\Curriculum))
#8 C:\xampp\htdocs\alba_educations\system\CodeIgniter.php(336): CodeIgniter\CodeIgniter->handleRequest(NULL, Object(Config\Cache), false)
#9 C:\xampp\htdocs\alba_educations\index.php(37): CodeIgniter\CodeIgniter->run()
#10 {main}
CRITICAL - 2021-12-14 15:17:42 --> Undefined variable $title
#0 C:\xampp\htdocs\alba_educations\app\Controllers\Admin\Classes_sessions.php(32): CodeIgniter\Debug\Exceptions->errorHandler(2, 'Undefined varia...', 'C:\\xampp\\htdocs...', 32)
#1 C:\xampp\htdocs\alba_educations\system\CodeIgniter.php(928): App\Controllers\Admin\Classes_sessions->adminLiveClasses()
#2 C:\xampp\htdocs\alba_educations\system\CodeIgniter.php(436): CodeIgniter\CodeIgniter->runController(Object(App\Controllers\Admin\Classes_sessions))
#3 C:\xampp\htdocs\alba_educations\system\CodeIgniter.php(336): CodeIgniter\CodeIgniter->handleRequest(NULL, Object(Config\Cache), false)
#4 C:\xampp\htdocs\alba_educations\index.php(37): CodeIgniter\CodeIgniter->run()
#5 {main}
ERROR - 2021-12-14 15:28:01 --> Unknown column 'for_date' in 'where clause'
CRITICAL - 2021-12-14 15:28:01 --> Unknown column 'for_date' in 'where clause'
#0 C:\xampp\htdocs\alba_educations\system\Database\MySQLi\Connection.php(329): mysqli->query('SELECT COUNT(*)...')
#1 C:\xampp\htdocs\alba_educations\system\Database\BaseConnection.php(732): CodeIgniter\Database\MySQLi\Connection->execute('SELECT COUNT(*)...')
#2 C:\xampp\htdocs\alba_educations\system\Database\BaseConnection.php(647): CodeIgniter\Database\BaseConnection->simpleQuery('SELECT COUNT(*)...')
#3 C:\xampp\htdocs\alba_educations\system\Database\BaseBuilder.php(1981): CodeIgniter\Database\BaseConnection->query('SELECT COUNT(*)...', Array, false)
#4 C:\xampp\htdocs\alba_educations\app\Models\Admin\functions_Model.php(21): CodeIgniter\Database\BaseBuilder->countAllResults()
#5 C:\xampp\htdocs\alba_educations\app\Controllers\Admin\Classes_sessions.php(87): App\Models\Admin\functions_Model->add_new_data_withoutDuplicate('class_sessions', Array, Array)
#6 C:\xampp\htdocs\alba_educations\system\CodeIgniter.php(928): App\Controllers\Admin\Classes_sessions->adminLiveClasses()
#7 C:\xampp\htdocs\alba_educations\system\CodeIgniter.php(436): CodeIgniter\CodeIgniter->runController(Object(App\Controllers\Admin\Classes_sessions))
#8 C:\xampp\htdocs\alba_educations\system\CodeIgniter.php(336): CodeIgniter\CodeIgniter->handleRequest(NULL, Object(Config\Cache), false)
#9 C:\xampp\htdocs\alba_educations\index.php(37): CodeIgniter\CodeIgniter->run()
#10 {main}
ERROR - 2021-12-14 15:29:44 --> Unknown column 'grade' in 'where clause'
CRITICAL - 2021-12-14 15:29:44 --> Unknown column 'grade' in 'where clause'
#0 C:\xampp\htdocs\alba_educations\system\Database\MySQLi\Connection.php(329): mysqli->query('SELECT COUNT(*)...')
#1 C:\xampp\htdocs\alba_educations\system\Database\BaseConnection.php(732): CodeIgniter\Database\MySQLi\Connection->execute('SELECT COUNT(*)...')
#2 C:\xampp\htdocs\alba_educations\system\Database\BaseConnection.php(647): CodeIgniter\Database\BaseConnection->simpleQuery('SELECT COUNT(*)...')
#3 C:\xampp\htdocs\alba_educations\system\Database\BaseBuilder.php(1981): CodeIgniter\Database\BaseConnection->query('SELECT COUNT(*)...', Array, false)
#4 C:\xampp\htdocs\alba_educations\app\Models\Admin\functions_Model.php(21): CodeIgniter\Database\BaseBuilder->countAllResults()
#5 C:\xampp\htdocs\alba_educations\app\Controllers\Admin\Classes_sessions.php(87): App\Models\Admin\functions_Model->add_new_data_withoutDuplicate('class_sessions', Array, Array)
#6 C:\xampp\htdocs\alba_educations\system\CodeIgniter.php(928): App\Controllers\Admin\Classes_sessions->adminLiveClasses()
#7 C:\xampp\htdocs\alba_educations\system\CodeIgniter.php(436): CodeIgniter\CodeIgniter->runController(Object(App\Controllers\Admin\Classes_sessions))
#8 C:\xampp\htdocs\alba_educations\system\CodeIgniter.php(336): CodeIgniter\CodeIgniter->handleRequest(NULL, Object(Config\Cache), false)
#9 C:\xampp\htdocs\alba_educations\index.php(37): CodeIgniter\CodeIgniter->run()
#10 {main}
