CRITICAL - 2022-02-17 00:21:04 --> Cannot redeclare App\Controllers\Admin\Teachers::teacher_registration()
#0 [internal function]: CodeIgniter\Debug\Exceptions->shutdownHandler()
#1 {main}
CRITICAL - 2022-02-17 00:35:09 --> Object of class stdClass could not be converted to string
#0 /home/hs0nusiagw9s/public_html/system/View/View.php(230): include()
#1 /home/hs0nusiagw9s/public_html/system/View/View.php(232): CodeIgniter\View\View->CodeIgniter\View\{closure}()
#2 /home/hs0nusiagw9s/public_html/system/Common.php(1271): CodeIgniter\View\View->render('Admin/AssignSub...', Array, true)
#3 /home/hs0nusiagw9s/public_html/app/Controllers/Admin/Teachers.php(33): view('Admin/AssignSub...', Array)
#4 /home/hs0nusiagw9s/public_html/system/CodeIgniter.php(928): App\Controllers\Admin\Teachers->assignSubjectsTeacher()
#5 /home/hs0nusiagw9s/public_html/system/CodeIgniter.php(436): CodeIgniter\CodeIgniter->runController(Object(App\Controllers\Admin\Teachers))
#6 /home/hs0nusiagw9s/public_html/system/CodeIgniter.php(336): CodeIgniter\CodeIgniter->handleRequest(NULL, Object(Config\Cache), false)
#7 /home/hs0nusiagw9s/public_html/index.php(37): CodeIgniter\CodeIgniter->run()
#8 {main}
CRITICAL - 2022-02-17 00:42:10 --> Invalid file: Admin/assignSubjectsTeacher.php
#0 /home/hs0nusiagw9s/public_html/system/View/View.php(213): CodeIgniter\Exceptions\FrameworkException::forInvalidFile('Admin/assignSub...')
#1 /home/hs0nusiagw9s/public_html/system/Common.php(1271): CodeIgniter\View\View->render('Admin/assignSub...', Array, true)
#2 /home/hs0nusiagw9s/public_html/app/Controllers/Admin/Manage.php(120): view('Admin/assignSub...', Array)
#3 /home/hs0nusiagw9s/public_html/system/CodeIgniter.php(928): App\Controllers\Admin\Manage->assignSubjectsToTeachers()
#4 /home/hs0nusiagw9s/public_html/system/CodeIgniter.php(436): CodeIgniter\CodeIgniter->runController(Object(App\Controllers\Admin\Manage))
#5 /home/hs0nusiagw9s/public_html/system/CodeIgniter.php(336): CodeIgniter\CodeIgniter->handleRequest(NULL, Object(Config\Cache), false)
#6 /home/hs0nusiagw9s/public_html/index.php(37): CodeIgniter\CodeIgniter->run()
#7 {main}
ERROR - 2022-02-17 00:43:41 --> Column 'teacher_id' cannot be null
ERROR - 2022-02-17 00:44:10 --> Column 'teacher_id' cannot be null
ERROR - 2022-02-17 12:35:33 --> Column 'subject_id' in where clause is ambiguous
CRITICAL - 2022-02-17 12:35:33 --> Call to a member function getResult() on bool
#0 /home/hs0nusiagw9s/public_html/app/Controllers/Admin/Students.php(33): App\Models\Admin\functions_Model->get_table_data_des('subjects', Array, '5')
#1 /home/hs0nusiagw9s/public_html/system/CodeIgniter.php(928): App\Controllers\Admin\Students->students_subjects()
#2 /home/hs0nusiagw9s/public_html/system/CodeIgniter.php(436): CodeIgniter\CodeIgniter->runController(Object(App\Controllers\Admin\Students))
#3 /home/hs0nusiagw9s/public_html/system/CodeIgniter.php(336): CodeIgniter\CodeIgniter->handleRequest(NULL, Object(Config\Cache), false)
#4 /home/hs0nusiagw9s/public_html/index.php(37): CodeIgniter\CodeIgniter->run()
#5 {main}
ERROR - 2022-02-17 12:36:47 --> Column 'subject_id' in where clause is ambiguous
CRITICAL - 2022-02-17 12:36:47 --> Call to a member function getResult() on bool
#0 /home/hs0nusiagw9s/public_html/app/Controllers/Admin/Students.php(33): App\Models\Admin\functions_Model->get_table_data_des('subjects', Array, '5')
#1 /home/hs0nusiagw9s/public_html/system/CodeIgniter.php(928): App\Controllers\Admin\Students->students_subjects()
#2 /home/hs0nusiagw9s/public_html/system/CodeIgniter.php(436): CodeIgniter\CodeIgniter->runController(Object(App\Controllers\Admin\Students))
#3 /home/hs0nusiagw9s/public_html/system/CodeIgniter.php(336): CodeIgniter\CodeIgniter->handleRequest(NULL, Object(Config\Cache), false)
#4 /home/hs0nusiagw9s/public_html/index.php(37): CodeIgniter\CodeIgniter->run()
#5 {main}
ERROR - 2022-02-17 12:40:15 --> Column 'subject_id' in where clause is ambiguous
CRITICAL - 2022-02-17 12:40:15 --> Call to a member function getResult() on bool
#0 /home/hs0nusiagw9s/public_html/app/Controllers/Admin/Students.php(29): App\Models\Admin\functions_Model->get_table_data_des('subjects', Array, '5')
#1 /home/hs0nusiagw9s/public_html/system/CodeIgniter.php(928): App\Controllers\Admin\Students->student_registration()
#2 /home/hs0nusiagw9s/public_html/system/CodeIgniter.php(436): CodeIgniter\CodeIgniter->runController(Object(App\Controllers\Admin\Students))
#3 /home/hs0nusiagw9s/public_html/system/CodeIgniter.php(336): CodeIgniter\CodeIgniter->handleRequest(NULL, Object(Config\Cache), false)
#4 /home/hs0nusiagw9s/public_html/index.php(37): CodeIgniter\CodeIgniter->run()
#5 {main}
ERROR - 2022-02-17 12:41:15 --> Column 'subject_id' in where clause is ambiguous
CRITICAL - 2022-02-17 12:41:15 --> Call to a member function getResult() on bool
#0 /home/hs0nusiagw9s/public_html/app/Controllers/Admin/Students.php(29): App\Models\Admin\functions_Model->get_table_data_des('subjects', Array, '5')
#1 /home/hs0nusiagw9s/public_html/system/CodeIgniter.php(928): App\Controllers\Admin\Students->student_registration()
#2 /home/hs0nusiagw9s/public_html/system/CodeIgniter.php(436): CodeIgniter\CodeIgniter->runController(Object(App\Controllers\Admin\Students))
#3 /home/hs0nusiagw9s/public_html/system/CodeIgniter.php(336): CodeIgniter\CodeIgniter->handleRequest(NULL, Object(Config\Cache), false)
#4 /home/hs0nusiagw9s/public_html/index.php(37): CodeIgniter\CodeIgniter->run()
#5 {main}
ERROR - 2022-02-17 12:41:47 --> Column 'subject_id' in where clause is ambiguous
CRITICAL - 2022-02-17 12:41:47 --> Call to a member function getResult() on bool
#0 /home/hs0nusiagw9s/public_html/app/Controllers/Admin/Students.php(29): App\Models\Admin\functions_Model->get_table_data_des('subjects', Array, '5')
#1 /home/hs0nusiagw9s/public_html/system/CodeIgniter.php(928): App\Controllers\Admin\Students->student_registration()
#2 /home/hs0nusiagw9s/public_html/system/CodeIgniter.php(436): CodeIgniter\CodeIgniter->runController(Object(App\Controllers\Admin\Students))
#3 /home/hs0nusiagw9s/public_html/system/CodeIgniter.php(336): CodeIgniter\CodeIgniter->handleRequest(NULL, Object(Config\Cache), false)
#4 /home/hs0nusiagw9s/public_html/index.php(37): CodeIgniter\CodeIgniter->run()
#5 {main}
ERROR - 2022-02-17 12:43:33 --> Column 'subject_id' in where clause is ambiguous
CRITICAL - 2022-02-17 12:43:33 --> Call to a member function getResult() on bool
#0 /home/hs0nusiagw9s/public_html/app/Controllers/Admin/Students.php(29): App\Models\Admin\functions_Model->get_table_data_des('subjects', Array, '5')
#1 /home/hs0nusiagw9s/public_html/system/CodeIgniter.php(928): App\Controllers\Admin\Students->student_registration()
#2 /home/hs0nusiagw9s/public_html/system/CodeIgniter.php(436): CodeIgniter\CodeIgniter->runController(Object(App\Controllers\Admin\Students))
#3 /home/hs0nusiagw9s/public_html/system/CodeIgniter.php(336): CodeIgniter\CodeIgniter->handleRequest(NULL, Object(Config\Cache), false)
#4 /home/hs0nusiagw9s/public_html/index.php(37): CodeIgniter\CodeIgniter->run()
#5 {main}
ERROR - 2022-02-17 12:43:47 --> Column 'subject_id' in where clause is ambiguous
CRITICAL - 2022-02-17 12:43:47 --> Call to a member function getResultArray() on bool
#0 /home/hs0nusiagw9s/public_html/app/Controllers/Admin/Students.php(29): App\Models\Admin\functions_Model->get_table_data_des('subjects', Array, '5')
#1 /home/hs0nusiagw9s/public_html/system/CodeIgniter.php(928): App\Controllers\Admin\Students->student_registration()
#2 /home/hs0nusiagw9s/public_html/system/CodeIgniter.php(436): CodeIgniter\CodeIgniter->runController(Object(App\Controllers\Admin\Students))
#3 /home/hs0nusiagw9s/public_html/system/CodeIgniter.php(336): CodeIgniter\CodeIgniter->handleRequest(NULL, Object(Config\Cache), false)
#4 /home/hs0nusiagw9s/public_html/index.php(37): CodeIgniter\CodeIgniter->run()
#5 {main}
ERROR - 2022-02-17 12:44:20 --> Column 'subject_id' in where clause is ambiguous
CRITICAL - 2022-02-17 12:44:20 --> Call to a member function getResult() on bool
#0 /home/hs0nusiagw9s/public_html/app/Controllers/Admin/Students.php(29): App\Models\Admin\functions_Model->get_table_data_des('subjects', Array, '5')
#1 /home/hs0nusiagw9s/public_html/system/CodeIgniter.php(928): App\Controllers\Admin\Students->student_registration()
#2 /home/hs0nusiagw9s/public_html/system/CodeIgniter.php(436): CodeIgniter\CodeIgniter->runController(Object(App\Controllers\Admin\Students))
#3 /home/hs0nusiagw9s/public_html/system/CodeIgniter.php(336): CodeIgniter\CodeIgniter->handleRequest(NULL, Object(Config\Cache), false)
#4 /home/hs0nusiagw9s/public_html/index.php(37): CodeIgniter\CodeIgniter->run()
#5 {main}
ERROR - 2022-02-17 12:44:42 --> Column 'subject_id' in where clause is ambiguous
CRITICAL - 2022-02-17 12:44:42 --> Call to a member function getResult() on bool
#0 /home/hs0nusiagw9s/public_html/app/Controllers/Admin/Students.php(29): App\Models\Admin\functions_Model->get_table_data_des('subjects', Array, '5')
#1 /home/hs0nusiagw9s/public_html/system/CodeIgniter.php(928): App\Controllers\Admin\Students->student_registration()
#2 /home/hs0nusiagw9s/public_html/system/CodeIgniter.php(436): CodeIgniter\CodeIgniter->runController(Object(App\Controllers\Admin\Students))
#3 /home/hs0nusiagw9s/public_html/system/CodeIgniter.php(336): CodeIgniter\CodeIgniter->handleRequest(NULL, Object(Config\Cache), false)
#4 /home/hs0nusiagw9s/public_html/index.php(37): CodeIgniter\CodeIgniter->run()
#5 {main}
CRITICAL - 2022-02-17 12:45:04 --> syntax error, unexpected ']', expecting ')'
#0 /home/hs0nusiagw9s/public_html/system/Autoloader/Autoloader.php(273): CodeIgniter\Autoloader\Autoloader->includeFile('/home/hs0nusiag...')
#1 /home/hs0nusiagw9s/public_html/system/Autoloader/Autoloader.php(247): CodeIgniter\Autoloader\Autoloader->loadInNamespace('App\\Models\\Admi...')
#2 [internal function]: CodeIgniter\Autoloader\Autoloader->loadClass('App\\Models\\Admi...')
#3 /home/hs0nusiagw9s/public_html/app/Controllers/Admin/Students.php(10): spl_autoload_call('App\\Models\\Admi...')
#4 /home/hs0nusiagw9s/public_html/system/CodeIgniter.php(928): App\Controllers\Admin\Students->student_registration()
#5 /home/hs0nusiagw9s/public_html/system/CodeIgniter.php(436): CodeIgniter\CodeIgniter->runController(Object(App\Controllers\Admin\Students))
#6 /home/hs0nusiagw9s/public_html/system/CodeIgniter.php(336): CodeIgniter\CodeIgniter->handleRequest(NULL, Object(Config\Cache), false)
#7 /home/hs0nusiagw9s/public_html/index.php(37): CodeIgniter\CodeIgniter->run()
#8 {main}
ERROR - 2022-02-17 12:45:11 --> Column 'subject_id' in where clause is ambiguous
CRITICAL - 2022-02-17 12:45:11 --> Call to a member function getResult() on bool
#0 /home/hs0nusiagw9s/public_html/app/Controllers/Admin/Students.php(29): App\Models\Admin\functions_Model->get_table_data_des('subjects', Array, '5')
#1 /home/hs0nusiagw9s/public_html/system/CodeIgniter.php(928): App\Controllers\Admin\Students->student_registration()
#2 /home/hs0nusiagw9s/public_html/system/CodeIgniter.php(436): CodeIgniter\CodeIgniter->runController(Object(App\Controllers\Admin\Students))
#3 /home/hs0nusiagw9s/public_html/system/CodeIgniter.php(336): CodeIgniter\CodeIgniter->handleRequest(NULL, Object(Config\Cache), false)
#4 /home/hs0nusiagw9s/public_html/index.php(37): CodeIgniter\CodeIgniter->run()
#5 {main}
ERROR - 2022-02-17 12:45:26 --> You have an error in your SQL syntax; check the manual that corresponds to your MySQL server version for the right syntax to use near '*
FROM `subjects`
JOIN `subjects_students` ON `users_students`.`user_student_id`' at line 1
CRITICAL - 2022-02-17 12:45:26 --> Call to a member function getResult() on bool
#0 /home/hs0nusiagw9s/public_html/app/Controllers/Admin/Students.php(29): App\Models\Admin\functions_Model->get_table_data_des('subjects', Array, '5')
#1 /home/hs0nusiagw9s/public_html/system/CodeIgniter.php(928): App\Controllers\Admin\Students->student_registration()
#2 /home/hs0nusiagw9s/public_html/system/CodeIgniter.php(436): CodeIgniter\CodeIgniter->runController(Object(App\Controllers\Admin\Students))
#3 /home/hs0nusiagw9s/public_html/system/CodeIgniter.php(336): CodeIgniter\CodeIgniter->handleRequest(NULL, Object(Config\Cache), false)
#4 /home/hs0nusiagw9s/public_html/index.php(37): CodeIgniter\CodeIgniter->run()
#5 {main}
CRITICAL - 2022-02-17 12:47:55 --> Too few arguments to function App\Models\Admin\functions_Model::get_table_data_des(), 2 passed in /home/hs0nusiagw9s/public_html/app/Controllers/Admin/Students.php on line 20 and exactly 3 expected
#0 /home/hs0nusiagw9s/public_html/app/Controllers/Admin/Students.php(20): App\Models\Admin\functions_Model->get_table_data_des('users_students', Array)
#1 /home/hs0nusiagw9s/public_html/system/CodeIgniter.php(928): App\Controllers\Admin\Students->student_registration()
#2 /home/hs0nusiagw9s/public_html/system/CodeIgniter.php(436): CodeIgniter\CodeIgniter->runController(Object(App\Controllers\Admin\Students))
#3 /home/hs0nusiagw9s/public_html/system/CodeIgniter.php(336): CodeIgniter\CodeIgniter->handleRequest(NULL, Object(Config\Cache), false)
#4 /home/hs0nusiagw9s/public_html/index.php(37): CodeIgniter\CodeIgniter->run()
#5 {main}
ERROR - 2022-02-17 12:48:24 --> Unknown column 'user_student_id' in 'where clause'
ERROR - 2022-02-17 12:48:34 --> Unknown column 'user_student_id' in 'where clause'
ERROR - 2022-02-17 12:48:37 --> Unknown column 'user_student_id' in 'where clause'
ERROR - 2022-02-17 12:48:56 --> Unknown column 'user_student_id' in 'where clause'
ERROR - 2022-02-17 12:50:08 --> You have an error in your SQL syntax; check the manual that corresponds to your MySQL server version for the right syntax to use near '*
FROM `users_students`
JOIN `subjects_students` ON `users_students`.`user_stude' at line 1
CRITICAL - 2022-02-17 12:50:08 --> Call to a member function getResult() on bool
#0 /home/hs0nusiagw9s/public_html/app/Controllers/Admin/Students.php(20): App\Models\Admin\functions_Model->get_table_data_des('users_students', Array, '5')
#1 /home/hs0nusiagw9s/public_html/system/CodeIgniter.php(928): App\Controllers\Admin\Students->student_registration()
#2 /home/hs0nusiagw9s/public_html/system/CodeIgniter.php(436): CodeIgniter\CodeIgniter->runController(Object(App\Controllers\Admin\Students))
#3 /home/hs0nusiagw9s/public_html/system/CodeIgniter.php(336): CodeIgniter\CodeIgniter->handleRequest(NULL, Object(Config\Cache), false)
#4 /home/hs0nusiagw9s/public_html/index.php(37): CodeIgniter\CodeIgniter->run()
#5 {main}
ERROR - 2022-02-17 12:51:02 --> You have an error in your SQL syntax; check the manual that corresponds to your MySQL server version for the right syntax to use near '*
FROM `users_students`
JOIN `subjects_students` ON `users_students`.`user_stude' at line 1
CRITICAL - 2022-02-17 12:51:02 --> Call to a member function getResult() on bool
#0 /home/hs0nusiagw9s/public_html/app/Controllers/Admin/Students.php(20): App\Models\Admin\functions_Model->get_table_data_des('users_students', Array, '5')
#1 /home/hs0nusiagw9s/public_html/system/CodeIgniter.php(928): App\Controllers\Admin\Students->student_registration()
#2 /home/hs0nusiagw9s/public_html/system/CodeIgniter.php(436): CodeIgniter\CodeIgniter->runController(Object(App\Controllers\Admin\Students))
#3 /home/hs0nusiagw9s/public_html/system/CodeIgniter.php(336): CodeIgniter\CodeIgniter->handleRequest(NULL, Object(Config\Cache), false)
#4 /home/hs0nusiagw9s/public_html/index.php(37): CodeIgniter\CodeIgniter->run()
#5 {main}
ERROR - 2022-02-17 12:51:47 --> You have an error in your SQL syntax; check the manual that corresponds to your MySQL server version for the right syntax to use near '*
FROM `users_students`
JOIN `subjects_students` ON `users_students`.`user_stude' at line 1
CRITICAL - 2022-02-17 12:51:47 --> Call to a member function getResult() on bool
#0 /home/hs0nusiagw9s/public_html/app/Controllers/Admin/Students.php(20): App\Models\Admin\functions_Model->get_table_data_des('users_students', Array, '5')
#1 /home/hs0nusiagw9s/public_html/system/CodeIgniter.php(928): App\Controllers\Admin\Students->student_registration()
#2 /home/hs0nusiagw9s/public_html/system/CodeIgniter.php(436): CodeIgniter\CodeIgniter->runController(Object(App\Controllers\Admin\Students))
#3 /home/hs0nusiagw9s/public_html/system/CodeIgniter.php(336): CodeIgniter\CodeIgniter->handleRequest(NULL, Object(Config\Cache), false)
#4 /home/hs0nusiagw9s/public_html/index.php(37): CodeIgniter\CodeIgniter->run()
#5 {main}
ERROR - 2022-02-17 12:53:16 --> You have an error in your SQL syntax; check the manual that corresponds to your MySQL server version for the right syntax to use near '*
FROM `users_students`
JOIN `subjects_students` ON `users_students`.`user_stude' at line 1
CRITICAL - 2022-02-17 12:53:16 --> Call to a member function getResult() on bool
#0 /home/hs0nusiagw9s/public_html/app/Controllers/Admin/Students.php(20): App\Models\Admin\functions_Model->get_table_data_des('users_students', Array, '5')
#1 /home/hs0nusiagw9s/public_html/system/CodeIgniter.php(928): App\Controllers\Admin\Students->student_registration()
#2 /home/hs0nusiagw9s/public_html/system/CodeIgniter.php(436): CodeIgniter\CodeIgniter->runController(Object(App\Controllers\Admin\Students))
#3 /home/hs0nusiagw9s/public_html/system/CodeIgniter.php(336): CodeIgniter\CodeIgniter->handleRequest(NULL, Object(Config\Cache), false)
#4 /home/hs0nusiagw9s/public_html/index.php(37): CodeIgniter\CodeIgniter->run()
#5 {main}
ERROR - 2022-02-17 12:54:47 --> You have an error in your SQL syntax; check the manual that corresponds to your MySQL server version for the right syntax to use near '*
FROM `users_students`
JOIN `subjects_students` ON `users_students`.`user_stude' at line 1
CRITICAL - 2022-02-17 12:54:47 --> Call to a member function getResult() on bool
#0 /home/hs0nusiagw9s/public_html/app/Controllers/Admin/Students.php(20): App\Models\Admin\functions_Model->get_table_data_des('users_students', Array, '5')
#1 /home/hs0nusiagw9s/public_html/system/CodeIgniter.php(928): App\Controllers\Admin\Students->student_registration()
#2 /home/hs0nusiagw9s/public_html/system/CodeIgniter.php(436): CodeIgniter\CodeIgniter->runController(Object(App\Controllers\Admin\Students))
#3 /home/hs0nusiagw9s/public_html/system/CodeIgniter.php(336): CodeIgniter\CodeIgniter->handleRequest(NULL, Object(Config\Cache), false)
#4 /home/hs0nusiagw9s/public_html/index.php(37): CodeIgniter\CodeIgniter->run()
#5 {main}
CRITICAL - 2022-02-17 12:57:59 --> Argument 2 passed to view() must be of the type array, null given, called in /home/hs0nusiagw9s/public_html/app/Controllers/Admin/Students.php on line 16
#0 /home/hs0nusiagw9s/public_html/app/Controllers/Admin/Students.php(16): view('Admin/AdminStud...', NULL)
#1 /home/hs0nusiagw9s/public_html/system/CodeIgniter.php(928): App\Controllers\Admin\Students->student_registration()
#2 /home/hs0nusiagw9s/public_html/system/CodeIgniter.php(436): CodeIgniter\CodeIgniter->runController(Object(App\Controllers\Admin\Students))
#3 /home/hs0nusiagw9s/public_html/system/CodeIgniter.php(336): CodeIgniter\CodeIgniter->handleRequest(NULL, Object(Config\Cache), false)
#4 /home/hs0nusiagw9s/public_html/index.php(37): CodeIgniter\CodeIgniter->run()
#5 {main}
CRITICAL - 2022-02-17 14:02:02 --> Argument 2 passed to view() must be of the type array, null given, called in /home/hs0nusiagw9s/public_html/app/Controllers/Admin/Students.php on line 16
#0 /home/hs0nusiagw9s/public_html/app/Controllers/Admin/Students.php(16): view('Admin/AdminStud...', NULL)
#1 /home/hs0nusiagw9s/public_html/system/CodeIgniter.php(928): App\Controllers\Admin\Students->student_registration()
#2 /home/hs0nusiagw9s/public_html/system/CodeIgniter.php(436): CodeIgniter\CodeIgniter->runController(Object(App\Controllers\Admin\Students))
#3 /home/hs0nusiagw9s/public_html/system/CodeIgniter.php(336): CodeIgniter\CodeIgniter->handleRequest(NULL, Object(Config\Cache), false)
#4 /home/hs0nusiagw9s/public_html/index.php(37): CodeIgniter\CodeIgniter->run()
#5 {main}
CRITICAL - 2022-02-17 14:08:52 --> Call to a member function get() on null
#0 /home/hs0nusiagw9s/public_html/app/Controllers/Admin/Students.php(119): App\Models\Admin\functions_Model->get_table_data_aas('users_teachers', Array, '3')
#1 /home/hs0nusiagw9s/public_html/system/CodeIgniter.php(928): App\Controllers\Admin\Students->subjects_teachers()
#2 /home/hs0nusiagw9s/public_html/system/CodeIgniter.php(436): CodeIgniter\CodeIgniter->runController(Object(App\Controllers\Admin\Students))
#3 /home/hs0nusiagw9s/public_html/system/CodeIgniter.php(336): CodeIgniter\CodeIgniter->handleRequest(NULL, Object(Config\Cache), false)
#4 /home/hs0nusiagw9s/public_html/index.php(37): CodeIgniter\CodeIgniter->run()
#5 {main}
ERROR - 2022-02-17 14:14:42 --> You have an error in your SQL syntax; check the manual that corresponds to your MySQL server version for the right syntax to use near '*
FROM `users_teachers`
JOIN `subjects_teachers` ON `users_teachers`.`user_teach' at line 1
CRITICAL - 2022-02-17 14:14:42 --> Call to a member function getResult() on bool
#0 /home/hs0nusiagw9s/public_html/app/Controllers/Admin/Students.php(119): App\Models\Admin\functions_Model->get_table_data_aas('users_teachers', Array, '3')
#1 /home/hs0nusiagw9s/public_html/system/CodeIgniter.php(928): App\Controllers\Admin\Students->subjects_teachers()
#2 /home/hs0nusiagw9s/public_html/system/CodeIgniter.php(436): CodeIgniter\CodeIgniter->runController(Object(App\Controllers\Admin\Students))
#3 /home/hs0nusiagw9s/public_html/system/CodeIgniter.php(336): CodeIgniter\CodeIgniter->handleRequest(NULL, Object(Config\Cache), false)
#4 /home/hs0nusiagw9s/public_html/index.php(37): CodeIgniter\CodeIgniter->run()
#5 {main}
ERROR - 2022-02-17 16:21:32 --> Unknown column 'title' in 'field list'
ERROR - 2022-02-17 16:22:03 --> Unknown column 'blog_title' in 'where clause'
ERROR - 2022-02-17 16:23:10 --> Unknown column 'blog_title' in 'where clause'
ERROR - 2022-02-17 16:23:17 --> Unknown column 'blog_title' in 'where clause'
ERROR - 2022-02-17 16:31:38 --> Unknown column 'events_id' in 'where clause'
ERROR - 2022-02-17 16:31:59 --> Unknown column 'events_id' in 'where clause'
ERROR - 2022-02-17 16:32:14 --> Unknown column 'events_id' in 'where clause'
ERROR - 2022-02-17 16:33:05 --> Unknown column 'events_id' in 'where clause'
ERROR - 2022-02-17 16:33:07 --> Unknown column 'events_id' in 'where clause'
CRITICAL - 2022-02-17 16:40:17 --> Class 'App\Controllers\FrontEnd\Functions_Model' not found
#0 /home/hs0nusiagw9s/public_html/system/CodeIgniter.php(928): App\Controllers\FrontEnd\Event->index()
#1 /home/hs0nusiagw9s/public_html/system/CodeIgniter.php(436): CodeIgniter\CodeIgniter->runController(Object(App\Controllers\FrontEnd\Event))
#2 /home/hs0nusiagw9s/public_html/system/CodeIgniter.php(336): CodeIgniter\CodeIgniter->handleRequest(NULL, Object(Config\Cache), false)
#3 /home/hs0nusiagw9s/public_html/index.php(37): CodeIgniter\CodeIgniter->run()
#4 {main}
CRITICAL - 2022-02-17 17:03:52 --> Function name must be a string
#0 /home/hs0nusiagw9s/public_html/app/Controllers/Admin/Students.php(19): App\Models\Admin\functions_Model->get_table_data_aas('users_teachers', Array, '3')
#1 /home/hs0nusiagw9s/public_html/system/CodeIgniter.php(928): App\Controllers\Admin\Students->student_registration()
#2 /home/hs0nusiagw9s/public_html/system/CodeIgniter.php(436): CodeIgniter\CodeIgniter->runController(Object(App\Controllers\Admin\Students))
#3 /home/hs0nusiagw9s/public_html/system/CodeIgniter.php(336): CodeIgniter\CodeIgniter->handleRequest(NULL, Object(Config\Cache), false)
#4 /home/hs0nusiagw9s/public_html/index.php(37): CodeIgniter\CodeIgniter->run()
#5 {main}
CRITICAL - 2022-02-17 17:18:01 --> Invalid argument supplied for foreach()
#0 /home/hs0nusiagw9s/public_html/app/Controllers/Admin/Students.php(29): CodeIgniter\Debug\Exceptions->errorHandler(2, 'Invalid argumen...', '/home/hs0nusiag...', 29, Array)
#1 /home/hs0nusiagw9s/public_html/system/CodeIgniter.php(928): App\Controllers\Admin\Students->student_registration()
#2 /home/hs0nusiagw9s/public_html/system/CodeIgniter.php(436): CodeIgniter\CodeIgniter->runController(Object(App\Controllers\Admin\Students))
#3 /home/hs0nusiagw9s/public_html/system/CodeIgniter.php(336): CodeIgniter\CodeIgniter->handleRequest(NULL, Object(Config\Cache), false)
#4 /home/hs0nusiagw9s/public_html/index.php(37): CodeIgniter\CodeIgniter->run()
#5 {main}
CRITICAL - 2022-02-17 17:23:47 --> array_push() expects parameter 1 to be array, null given
#0 [internal function]: CodeIgniter\Debug\Exceptions->errorHandler(2, 'array_push() ex...', '/home/hs0nusiag...', 27, Array)
#1 /home/hs0nusiagw9s/public_html/app/Models/Admin/functions_Model.php(27): array_push(NULL, '13')
#2 /home/hs0nusiagw9s/public_html/app/Controllers/Admin/Students.php(19): App\Models\Admin\functions_Model->get_table_data_aas('users_teachers', Array, '3')
#3 /home/hs0nusiagw9s/public_html/system/CodeIgniter.php(928): App\Controllers\Admin\Students->student_registration()
#4 /home/hs0nusiagw9s/public_html/system/CodeIgniter.php(436): CodeIgniter\CodeIgniter->runController(Object(App\Controllers\Admin\Students))
#5 /home/hs0nusiagw9s/public_html/system/CodeIgniter.php(336): CodeIgniter\CodeIgniter->handleRequest(NULL, Object(Config\Cache), false)
#6 /home/hs0nusiagw9s/public_html/index.php(37): CodeIgniter\CodeIgniter->run()
#7 {main}
CRITICAL - 2022-02-17 17:24:28 --> array_push() expects parameter 1 to be array, null given
#0 [internal function]: CodeIgniter\Debug\Exceptions->errorHandler(2, 'array_push() ex...', '/home/hs0nusiag...', 27, Array)
#1 /home/hs0nusiagw9s/public_html/app/Models/Admin/functions_Model.php(27): array_push(NULL, '13')
#2 /home/hs0nusiagw9s/public_html/app/Controllers/Admin/Students.php(19): App\Models\Admin\functions_Model->get_table_data_aas('users_teachers', Array, '3')
#3 /home/hs0nusiagw9s/public_html/system/CodeIgniter.php(928): App\Controllers\Admin\Students->student_registration()
#4 /home/hs0nusiagw9s/public_html/system/CodeIgniter.php(436): CodeIgniter\CodeIgniter->runController(Object(App\Controllers\Admin\Students))
#5 /home/hs0nusiagw9s/public_html/system/CodeIgniter.php(336): CodeIgniter\CodeIgniter->handleRequest(NULL, Object(Config\Cache), false)
#6 /home/hs0nusiagw9s/public_html/index.php(37): CodeIgniter\CodeIgniter->run()
#7 {main}
CRITICAL - 2022-02-17 17:37:14 --> Invalid argument supplied for foreach()
#0 /home/hs0nusiagw9s/public_html/app/Controllers/Admin/Students.php(29): CodeIgniter\Debug\Exceptions->errorHandler(2, 'Invalid argumen...', '/home/hs0nusiag...', 29, Array)
#1 /home/hs0nusiagw9s/public_html/system/CodeIgniter.php(928): App\Controllers\Admin\Students->student_registration()
#2 /home/hs0nusiagw9s/public_html/system/CodeIgniter.php(436): CodeIgniter\CodeIgniter->runController(Object(App\Controllers\Admin\Students))
#3 /home/hs0nusiagw9s/public_html/system/CodeIgniter.php(336): CodeIgniter\CodeIgniter->handleRequest(NULL, Object(Config\Cache), false)
#4 /home/hs0nusiagw9s/public_html/index.php(37): CodeIgniter\CodeIgniter->run()
#5 {main}
