CRITICAL - 2021-12-13 01:55:29 --> include(): http:// wrapper is disabled in the server configuration by allow_url_include=0
#0 C:\xampp\htdocs\alba_educations\app\Views\Admin\AllStudents.php(25): CodeIgniter\Debug\Exceptions->errorHandler(2, 'include(): http...', 'C:\\xampp\\htdocs...', 25)
#1 C:\xampp\htdocs\alba_educations\app\Views\Admin\AllStudents.php(25): include()
#2 C:\xampp\htdocs\alba_educations\system\View\View.php(230): include('C:\\xampp\\htdocs...')
#3 C:\xampp\htdocs\alba_educations\system\View\View.php(232): CodeIgniter\View\View->CodeIgniter\View\{closure}()
#4 C:\xampp\htdocs\alba_educations\system\Common.php(1271): CodeIgniter\View\View->render('Admin/AllStuden...', Array, true)
#5 C:\xampp\htdocs\alba_educations\app\Controllers\Admin\Students.php(121): view('Admin/AllStuden...', Array)
#6 C:\xampp\htdocs\alba_educations\system\CodeIgniter.php(928): App\Controllers\Admin\Students->allStudents()
#7 C:\xampp\htdocs\alba_educations\system\CodeIgniter.php(436): CodeIgniter\CodeIgniter->runController(Object(App\Controllers\Admin\Students))
#8 C:\xampp\htdocs\alba_educations\system\CodeIgniter.php(336): CodeIgniter\CodeIgniter->handleRequest(NULL, Object(Config\Cache), false)
#9 C:\xampp\htdocs\alba_educations\index.php(37): CodeIgniter\CodeIgniter->run()
#10 {main}
CRITICAL - 2021-12-13 01:55:59 --> include(/public/Admin/inc/head.php): Failed to open stream: No such file or directory
#0 C:\xampp\htdocs\alba_educations\app\Views\Admin\AllStudents.php(25): CodeIgniter\Debug\Exceptions->errorHandler(2, 'include(/public...', 'C:\\xampp\\htdocs...', 25)
#1 C:\xampp\htdocs\alba_educations\app\Views\Admin\AllStudents.php(25): include()
#2 C:\xampp\htdocs\alba_educations\system\View\View.php(230): include('C:\\xampp\\htdocs...')
#3 C:\xampp\htdocs\alba_educations\system\View\View.php(232): CodeIgniter\View\View->CodeIgniter\View\{closure}()
#4 C:\xampp\htdocs\alba_educations\system\Common.php(1271): CodeIgniter\View\View->render('Admin/AllStuden...', Array, true)
#5 C:\xampp\htdocs\alba_educations\app\Controllers\Admin\Students.php(121): view('Admin/AllStuden...', Array)
#6 C:\xampp\htdocs\alba_educations\system\CodeIgniter.php(928): App\Controllers\Admin\Students->allStudents()
#7 C:\xampp\htdocs\alba_educations\system\CodeIgniter.php(436): CodeIgniter\CodeIgniter->runController(Object(App\Controllers\Admin\Students))
#8 C:\xampp\htdocs\alba_educations\system\CodeIgniter.php(336): CodeIgniter\CodeIgniter->handleRequest(NULL, Object(Config\Cache), false)
#9 C:\xampp\htdocs\alba_educations\index.php(37): CodeIgniter\CodeIgniter->run()
#10 {main}
CRITICAL - 2021-12-13 01:56:15 --> include(/public/Admin/inc/foot.php): Failed to open stream: No such file or directory
#0 C:\xampp\htdocs\alba_educations\app\Views\Admin\AllStudents.php(139): CodeIgniter\Debug\Exceptions->errorHandler(2, 'include(/public...', 'C:\\xampp\\htdocs...', 139)
#1 C:\xampp\htdocs\alba_educations\app\Views\Admin\AllStudents.php(139): include()
#2 C:\xampp\htdocs\alba_educations\system\View\View.php(230): include('C:\\xampp\\htdocs...')
#3 C:\xampp\htdocs\alba_educations\system\View\View.php(232): CodeIgniter\View\View->CodeIgniter\View\{closure}()
#4 C:\xampp\htdocs\alba_educations\system\Common.php(1271): CodeIgniter\View\View->render('Admin/AllStuden...', Array, true)
#5 C:\xampp\htdocs\alba_educations\app\Controllers\Admin\Students.php(121): view('Admin/AllStuden...', Array)
#6 C:\xampp\htdocs\alba_educations\system\CodeIgniter.php(928): App\Controllers\Admin\Students->allStudents()
#7 C:\xampp\htdocs\alba_educations\system\CodeIgniter.php(436): CodeIgniter\CodeIgniter->runController(Object(App\Controllers\Admin\Students))
#8 C:\xampp\htdocs\alba_educations\system\CodeIgniter.php(336): CodeIgniter\CodeIgniter->handleRequest(NULL, Object(Config\Cache), false)
#9 C:\xampp\htdocs\alba_educations\index.php(37): CodeIgniter\CodeIgniter->run()
#10 {main}
CRITICAL - 2021-12-13 12:08:29 --> Undefined property: stdClass::$name
#0 C:\xampp\htdocs\alba_educations\app\Views\Admin\teacherResume.php(125): CodeIgniter\Debug\Exceptions->errorHandler(2, 'Undefined prope...', 'C:\\xampp\\htdocs...', 125)
#1 C:\xampp\htdocs\alba_educations\system\View\View.php(230): include('C:\\xampp\\htdocs...')
#2 C:\xampp\htdocs\alba_educations\system\View\View.php(232): CodeIgniter\View\View->CodeIgniter\View\{closure}()
#3 C:\xampp\htdocs\alba_educations\system\Common.php(1271): CodeIgniter\View\View->render('Admin/teacherRe...', Array, true)
#4 C:\xampp\htdocs\alba_educations\app\Controllers\Admin\Teachers.php(132): view('Admin/teacherRe...', Array)
#5 C:\xampp\htdocs\alba_educations\system\CodeIgniter.php(928): App\Controllers\Admin\Teachers->adminViewResume()
#6 C:\xampp\htdocs\alba_educations\system\CodeIgniter.php(436): CodeIgniter\CodeIgniter->runController(Object(App\Controllers\Admin\Teachers))
#7 C:\xampp\htdocs\alba_educations\system\CodeIgniter.php(336): CodeIgniter\CodeIgniter->handleRequest(NULL, Object(Config\Cache), false)
#8 C:\xampp\htdocs\alba_educations\index.php(37): CodeIgniter\CodeIgniter->run()
#9 {main}
CRITICAL - 2021-12-13 12:08:32 --> Undefined property: stdClass::$name
#0 C:\xampp\htdocs\alba_educations\app\Views\Admin\teacherResume.php(125): CodeIgniter\Debug\Exceptions->errorHandler(2, 'Undefined prope...', 'C:\\xampp\\htdocs...', 125)
#1 C:\xampp\htdocs\alba_educations\system\View\View.php(230): include('C:\\xampp\\htdocs...')
#2 C:\xampp\htdocs\alba_educations\system\View\View.php(232): CodeIgniter\View\View->CodeIgniter\View\{closure}()
#3 C:\xampp\htdocs\alba_educations\system\Common.php(1271): CodeIgniter\View\View->render('Admin/teacherRe...', Array, true)
#4 C:\xampp\htdocs\alba_educations\app\Controllers\Admin\Teachers.php(132): view('Admin/teacherRe...', Array)
#5 C:\xampp\htdocs\alba_educations\system\CodeIgniter.php(928): App\Controllers\Admin\Teachers->adminViewResume()
#6 C:\xampp\htdocs\alba_educations\system\CodeIgniter.php(436): CodeIgniter\CodeIgniter->runController(Object(App\Controllers\Admin\Teachers))
#7 C:\xampp\htdocs\alba_educations\system\CodeIgniter.php(336): CodeIgniter\CodeIgniter->handleRequest(NULL, Object(Config\Cache), false)
#8 C:\xampp\htdocs\alba_educations\index.php(37): CodeIgniter\CodeIgniter->run()
#9 {main}
CRITICAL - 2021-12-13 12:09:20 --> Undefined property: stdClass::$gender
#0 C:\xampp\htdocs\alba_educations\app\Views\Admin\teacherResume.php(128): CodeIgniter\Debug\Exceptions->errorHandler(2, 'Undefined prope...', 'C:\\xampp\\htdocs...', 128)
#1 C:\xampp\htdocs\alba_educations\system\View\View.php(230): include('C:\\xampp\\htdocs...')
#2 C:\xampp\htdocs\alba_educations\system\View\View.php(232): CodeIgniter\View\View->CodeIgniter\View\{closure}()
#3 C:\xampp\htdocs\alba_educations\system\Common.php(1271): CodeIgniter\View\View->render('Admin/teacherRe...', Array, true)
#4 C:\xampp\htdocs\alba_educations\app\Controllers\Admin\Teachers.php(132): view('Admin/teacherRe...', Array)
#5 C:\xampp\htdocs\alba_educations\system\CodeIgniter.php(928): App\Controllers\Admin\Teachers->adminViewResume()
#6 C:\xampp\htdocs\alba_educations\system\CodeIgniter.php(436): CodeIgniter\CodeIgniter->runController(Object(App\Controllers\Admin\Teachers))
#7 C:\xampp\htdocs\alba_educations\system\CodeIgniter.php(336): CodeIgniter\CodeIgniter->handleRequest(NULL, Object(Config\Cache), false)
#8 C:\xampp\htdocs\alba_educations\index.php(37): CodeIgniter\CodeIgniter->run()
#9 {main}
CRITICAL - 2021-12-13 13:10:02 --> include(/public/Students/inc/topbar.php): Failed to open stream: No such file or directory
#0 C:\xampp\htdocs\alba_educations\app\Views\Student\Dashboard.php(21): CodeIgniter\Debug\Exceptions->errorHandler(2, 'include(/public...', 'C:\\xampp\\htdocs...', 21)
#1 C:\xampp\htdocs\alba_educations\app\Views\Student\Dashboard.php(21): include()
#2 C:\xampp\htdocs\alba_educations\system\View\View.php(230): include('C:\\xampp\\htdocs...')
#3 C:\xampp\htdocs\alba_educations\system\View\View.php(232): CodeIgniter\View\View->CodeIgniter\View\{closure}()
#4 C:\xampp\htdocs\alba_educations\system\Common.php(1271): CodeIgniter\View\View->render('Student/Dashboa...', Array, true)
#5 C:\xampp\htdocs\alba_educations\app\Controllers\FrontEnd\Student.php(34): view('Student/Dashboa...')
#6 C:\xampp\htdocs\alba_educations\system\CodeIgniter.php(928): App\Controllers\FrontEnd\Student->student_login()
#7 C:\xampp\htdocs\alba_educations\system\CodeIgniter.php(436): CodeIgniter\CodeIgniter->runController(Object(App\Controllers\FrontEnd\Student))
#8 C:\xampp\htdocs\alba_educations\system\CodeIgniter.php(336): CodeIgniter\CodeIgniter->handleRequest(NULL, Object(Config\Cache), false)
#9 C:\xampp\htdocs\alba_educations\index.php(37): CodeIgniter\CodeIgniter->run()
#10 {main}
CRITICAL - 2021-12-13 13:17:13 --> studentLoggedIn filter must have a matching alias defined.
#0 C:\xampp\htdocs\alba_educations\system\Filters\Filters.php(373): CodeIgniter\Filters\Exceptions\FilterException::forNoAlias('studentLoggedIn')
#1 C:\xampp\htdocs\alba_educations\system\CodeIgniter.php(398): CodeIgniter\Filters\Filters->enableFilter('studentLoggedIn', 'before')
#2 C:\xampp\htdocs\alba_educations\system\CodeIgniter.php(336): CodeIgniter\CodeIgniter->handleRequest(NULL, Object(Config\Cache), false)
#3 C:\xampp\htdocs\alba_educations\index.php(37): CodeIgniter\CodeIgniter->run()
#4 {main}
CRITICAL - 2021-12-13 13:20:40 --> studentLoggedIn filter must have a matching alias defined.
#0 C:\xampp\htdocs\alba_educations\system\Filters\Filters.php(373): CodeIgniter\Filters\Exceptions\FilterException::forNoAlias('studentLoggedIn')
#1 C:\xampp\htdocs\alba_educations\system\CodeIgniter.php(398): CodeIgniter\Filters\Filters->enableFilter('studentLoggedIn', 'before')
#2 C:\xampp\htdocs\alba_educations\system\CodeIgniter.php(336): CodeIgniter\CodeIgniter->handleRequest(NULL, Object(Config\Cache), false)
#3 C:\xampp\htdocs\alba_educations\index.php(37): CodeIgniter\CodeIgniter->run()
#4 {main}
