CRITICAL - 2021-12-15 01:05:37 --> Undefined property: stdClass::$duration
#0 C:\xampp\htdocs\alba_educations\app\Views\Admin\AdminLiveClasses_page.php(249): CodeIgniter\Debug\Exceptions->errorHandler(2, 'Undefined prope...', 'C:\\xampp\\htdocs...', 249)
#1 C:\xampp\htdocs\alba_educations\system\View\View.php(230): include('C:\\xampp\\htdocs...')
#2 C:\xampp\htdocs\alba_educations\system\View\View.php(232): CodeIgniter\View\View->CodeIgniter\View\{closure}()
#3 C:\xampp\htdocs\alba_educations\system\Common.php(1271): CodeIgniter\View\View->render('Admin/AdminLive...', Array, true)
#4 C:\xampp\htdocs\alba_educations\app\Controllers\Admin\Classes_sessions.php(31): view('Admin/AdminLive...', Array)
#5 C:\xampp\htdocs\alba_educations\system\CodeIgniter.php(928): App\Controllers\Admin\Classes_sessions->adminLiveClasses_page()
#6 C:\xampp\htdocs\alba_educations\system\CodeIgniter.php(436): CodeIgniter\CodeIgniter->runController(Object(App\Controllers\Admin\Classes_sessions))
#7 C:\xampp\htdocs\alba_educations\system\CodeIgniter.php(336): CodeIgniter\CodeIgniter->handleRequest(NULL, Object(Config\Cache), false)
#8 C:\xampp\htdocs\alba_educations\index.php(37): CodeIgniter\CodeIgniter->run()
#9 {main}
CRITICAL - 2021-12-15 01:05:46 --> Undefined property: stdClass::$duration
#0 C:\xampp\htdocs\alba_educations\app\Views\Admin\AdminLiveClasses_page.php(249): CodeIgniter\Debug\Exceptions->errorHandler(2, 'Undefined prope...', 'C:\\xampp\\htdocs...', 249)
#1 C:\xampp\htdocs\alba_educations\system\View\View.php(230): include('C:\\xampp\\htdocs...')
#2 C:\xampp\htdocs\alba_educations\system\View\View.php(232): CodeIgniter\View\View->CodeIgniter\View\{closure}()
#3 C:\xampp\htdocs\alba_educations\system\Common.php(1271): CodeIgniter\View\View->render('Admin/AdminLive...', Array, true)
#4 C:\xampp\htdocs\alba_educations\app\Controllers\Admin\Classes_sessions.php(31): view('Admin/AdminLive...', Array)
#5 C:\xampp\htdocs\alba_educations\system\CodeIgniter.php(928): App\Controllers\Admin\Classes_sessions->adminLiveClasses_page()
#6 C:\xampp\htdocs\alba_educations\system\CodeIgniter.php(436): CodeIgniter\CodeIgniter->runController(Object(App\Controllers\Admin\Classes_sessions))
#7 C:\xampp\htdocs\alba_educations\system\CodeIgniter.php(336): CodeIgniter\CodeIgniter->handleRequest(NULL, Object(Config\Cache), false)
#8 C:\xampp\htdocs\alba_educations\index.php(37): CodeIgniter\CodeIgniter->run()
#9 {main}
ERROR - 2021-12-15 01:25:21 --> Unknown column 'desc' in 'order clause'
CRITICAL - 2021-12-15 01:25:21 --> Unknown column 'desc' in 'order clause'
#0 C:\xampp\htdocs\alba_educations\system\Database\MySQLi\Connection.php(329): mysqli->query('SELECT *\nFROM `...')
#1 C:\xampp\htdocs\alba_educations\system\Database\BaseConnection.php(732): CodeIgniter\Database\MySQLi\Connection->execute('SELECT *\nFROM `...')
#2 C:\xampp\htdocs\alba_educations\system\Database\BaseConnection.php(647): CodeIgniter\Database\BaseConnection->simpleQuery('SELECT *\nFROM `...')
#3 C:\xampp\htdocs\alba_educations\system\Database\BaseBuilder.php(1881): CodeIgniter\Database\BaseConnection->query('SELECT *\nFROM `...', Array, false)
#4 C:\xampp\htdocs\alba_educations\app\Models\Admin\functions_Model.php(12): CodeIgniter\Database\BaseBuilder->get()
#5 C:\xampp\htdocs\alba_educations\app\Controllers\Admin\Classes_sessions.php(90): App\Models\Admin\functions_Model->get_table_data('users_teachers', Array)
#6 C:\xampp\htdocs\alba_educations\system\CodeIgniter.php(928): App\Controllers\Admin\Classes_sessions->adminLiveClasses()
#7 C:\xampp\htdocs\alba_educations\system\CodeIgniter.php(436): CodeIgniter\CodeIgniter->runController(Object(App\Controllers\Admin\Classes_sessions))
#8 C:\xampp\htdocs\alba_educations\system\CodeIgniter.php(336): CodeIgniter\CodeIgniter->handleRequest(NULL, Object(Config\Cache), false)
#9 C:\xampp\htdocs\alba_educations\index.php(37): CodeIgniter\CodeIgniter->run()
#10 {main}
ERROR - 2021-12-15 01:25:24 --> Unknown column 'desc' in 'order clause'
CRITICAL - 2021-12-15 01:25:24 --> Unknown column 'desc' in 'order clause'
#0 C:\xampp\htdocs\alba_educations\system\Database\MySQLi\Connection.php(329): mysqli->query('SELECT *\nFROM `...')
#1 C:\xampp\htdocs\alba_educations\system\Database\BaseConnection.php(732): CodeIgniter\Database\MySQLi\Connection->execute('SELECT *\nFROM `...')
#2 C:\xampp\htdocs\alba_educations\system\Database\BaseConnection.php(647): CodeIgniter\Database\BaseConnection->simpleQuery('SELECT *\nFROM `...')
#3 C:\xampp\htdocs\alba_educations\system\Database\BaseBuilder.php(1881): CodeIgniter\Database\BaseConnection->query('SELECT *\nFROM `...', Array, false)
#4 C:\xampp\htdocs\alba_educations\app\Models\Admin\functions_Model.php(12): CodeIgniter\Database\BaseBuilder->get()
#5 C:\xampp\htdocs\alba_educations\app\Controllers\Admin\Classes_sessions.php(15): App\Models\Admin\functions_Model->get_table_data('users_teachers', Array)
#6 C:\xampp\htdocs\alba_educations\system\CodeIgniter.php(928): App\Controllers\Admin\Classes_sessions->adminLiveClasses_page()
#7 C:\xampp\htdocs\alba_educations\system\CodeIgniter.php(436): CodeIgniter\CodeIgniter->runController(Object(App\Controllers\Admin\Classes_sessions))
#8 C:\xampp\htdocs\alba_educations\system\CodeIgniter.php(336): CodeIgniter\CodeIgniter->handleRequest(NULL, Object(Config\Cache), false)
#9 C:\xampp\htdocs\alba_educations\index.php(37): CodeIgniter\CodeIgniter->run()
#10 {main}
ERROR - 2021-12-15 01:25:28 --> Unknown column 'desc' in 'order clause'
CRITICAL - 2021-12-15 01:25:28 --> Unknown column 'desc' in 'order clause'
#0 C:\xampp\htdocs\alba_educations\system\Database\MySQLi\Connection.php(329): mysqli->query('SELECT *\nFROM `...')
#1 C:\xampp\htdocs\alba_educations\system\Database\BaseConnection.php(732): CodeIgniter\Database\MySQLi\Connection->execute('SELECT *\nFROM `...')
#2 C:\xampp\htdocs\alba_educations\system\Database\BaseConnection.php(647): CodeIgniter\Database\BaseConnection->simpleQuery('SELECT *\nFROM `...')
#3 C:\xampp\htdocs\alba_educations\system\Database\BaseBuilder.php(1881): CodeIgniter\Database\BaseConnection->query('SELECT *\nFROM `...', Array, false)
#4 C:\xampp\htdocs\alba_educations\app\Models\Admin\functions_Model.php(12): CodeIgniter\Database\BaseBuilder->get()
#5 C:\xampp\htdocs\alba_educations\app\Controllers\Admin\Classes_sessions.php(15): App\Models\Admin\functions_Model->get_table_data('users_teachers', Array)
#6 C:\xampp\htdocs\alba_educations\system\CodeIgniter.php(928): App\Controllers\Admin\Classes_sessions->adminLiveClasses_page()
#7 C:\xampp\htdocs\alba_educations\system\CodeIgniter.php(436): CodeIgniter\CodeIgniter->runController(Object(App\Controllers\Admin\Classes_sessions))
#8 C:\xampp\htdocs\alba_educations\system\CodeIgniter.php(336): CodeIgniter\CodeIgniter->handleRequest(NULL, Object(Config\Cache), false)
#9 C:\xampp\htdocs\alba_educations\index.php(37): CodeIgniter\CodeIgniter->run()
#10 {main}
CRITICAL - 2021-12-15 01:30:14 --> You must set the database table to be used with your query.
#0 C:\xampp\htdocs\alba_educations\system\Model.php(602): CodeIgniter\Database\BaseConnection->table(NULL)
#1 C:\xampp\htdocs\alba_educations\system\Model.php(798): CodeIgniter\Model->builder()
#2 C:\xampp\htdocs\alba_educations\app\Controllers\Admin\Classes_sessions.php(37): CodeIgniter\Model->__call('get_table_data', Array)
#3 C:\xampp\htdocs\alba_educations\system\CodeIgniter.php(928): App\Controllers\Admin\Classes_sessions->adminLiveClasses_page()
#4 C:\xampp\htdocs\alba_educations\system\CodeIgniter.php(436): CodeIgniter\CodeIgniter->runController(Object(App\Controllers\Admin\Classes_sessions))
#5 C:\xampp\htdocs\alba_educations\system\CodeIgniter.php(336): CodeIgniter\CodeIgniter->handleRequest(NULL, Object(Config\Cache), false)
#6 C:\xampp\htdocs\alba_educations\index.php(37): CodeIgniter\CodeIgniter->run()
#7 {main}
CRITICAL - 2021-12-15 02:05:22 --> Undefined property: stdClass::$user_student_id
#0 C:\xampp\htdocs\alba_educations\app\Views\Student\Curriculum.php(102): CodeIgniter\Debug\Exceptions->errorHandler(2, 'Undefined prope...', 'C:\\xampp\\htdocs...', 102)
#1 C:\xampp\htdocs\alba_educations\system\View\View.php(230): include('C:\\xampp\\htdocs...')
#2 C:\xampp\htdocs\alba_educations\system\View\View.php(232): CodeIgniter\View\View->CodeIgniter\View\{closure}()
#3 C:\xampp\htdocs\alba_educations\system\Common.php(1271): CodeIgniter\View\View->render('Student/Curricu...', Array, true)
#4 C:\xampp\htdocs\alba_educations\app\Controllers\Student\Curriculum.php(31): view('Student/Curricu...', Array)
#5 C:\xampp\htdocs\alba_educations\system\CodeIgniter.php(928): App\Controllers\Student\Curriculum->Curriculum_page()
#6 C:\xampp\htdocs\alba_educations\system\CodeIgniter.php(436): CodeIgniter\CodeIgniter->runController(Object(App\Controllers\Student\Curriculum))
#7 C:\xampp\htdocs\alba_educations\system\CodeIgniter.php(336): CodeIgniter\CodeIgniter->handleRequest(NULL, Object(Config\Cache), false)
#8 C:\xampp\htdocs\alba_educations\index.php(37): CodeIgniter\CodeIgniter->run()
#9 {main}
CRITICAL - 2021-12-15 02:12:40 --> syntax error, unexpected token "}", expecting ";"
#0 C:\xampp\htdocs\alba_educations\system\Autoloader\Autoloader.php(273): CodeIgniter\Autoloader\Autoloader->includeFile('C:\\xampp\\htdocs...')
#1 C:\xampp\htdocs\alba_educations\system\Autoloader\Autoloader.php(247): CodeIgniter\Autoloader\Autoloader->loadInNamespace('App\\Controllers...')
#2 [internal function]: CodeIgniter\Autoloader\Autoloader->loadClass('App\\Controllers...')
#3 C:\xampp\htdocs\alba_educations\system\CodeIgniter.php(885): class_exists('\\App\\Controller...', true)
#4 C:\xampp\htdocs\alba_educations\system\CodeIgniter.php(421): CodeIgniter\CodeIgniter->startController()
#5 C:\xampp\htdocs\alba_educations\system\CodeIgniter.php(336): CodeIgniter\CodeIgniter->handleRequest(NULL, Object(Config\Cache), false)
#6 C:\xampp\htdocs\alba_educations\index.php(37): CodeIgniter\CodeIgniter->run()
#7 {main}
CRITICAL - 2021-12-15 02:13:55 --> Undefined variable $data
#0 C:\xampp\htdocs\alba_educations\app\Controllers\Student\Curriculum.php(24): CodeIgniter\Debug\Exceptions->errorHandler(2, 'Undefined varia...', 'C:\\xampp\\htdocs...', 24)
#1 C:\xampp\htdocs\alba_educations\system\CodeIgniter.php(928): App\Controllers\Student\Curriculum->Curriculum_page()
#2 C:\xampp\htdocs\alba_educations\system\CodeIgniter.php(436): CodeIgniter\CodeIgniter->runController(Object(App\Controllers\Student\Curriculum))
#3 C:\xampp\htdocs\alba_educations\system\CodeIgniter.php(336): CodeIgniter\CodeIgniter->handleRequest(NULL, Object(Config\Cache), false)
#4 C:\xampp\htdocs\alba_educations\index.php(37): CodeIgniter\CodeIgniter->run()
#5 {main}
CRITICAL - 2021-12-15 02:23:38 --> Array to string conversion
#0 C:\xampp\htdocs\alba_educations\app\Models\frontEnd\User_Model.php(14): CodeIgniter\Debug\Exceptions->errorHandler(2, 'Array to string...', 'C:\\xampp\\htdocs...', 14)
#1 C:\xampp\htdocs\alba_educations\app\Controllers\FrontEnd\Student.php(27): App\Models\frontEnd\User_model->login_request(Array)
#2 C:\xampp\htdocs\alba_educations\system\CodeIgniter.php(928): App\Controllers\FrontEnd\Student->student_login()
#3 C:\xampp\htdocs\alba_educations\system\CodeIgniter.php(436): CodeIgniter\CodeIgniter->runController(Object(App\Controllers\FrontEnd\Student))
#4 C:\xampp\htdocs\alba_educations\system\CodeIgniter.php(336): CodeIgniter\CodeIgniter->handleRequest(NULL, Object(Config\Cache), false)
#5 C:\xampp\htdocs\alba_educations\index.php(37): CodeIgniter\CodeIgniter->run()
#6 {main}
CRITICAL - 2021-12-15 02:24:20 --> Cannot use object of type stdClass as array
#0 C:\xampp\htdocs\alba_educations\app\Controllers\FrontEnd\Student.php(27): App\Models\frontEnd\User_model->login_request(Array)
#1 C:\xampp\htdocs\alba_educations\system\CodeIgniter.php(928): App\Controllers\FrontEnd\Student->student_login()
#2 C:\xampp\htdocs\alba_educations\system\CodeIgniter.php(436): CodeIgniter\CodeIgniter->runController(Object(App\Controllers\FrontEnd\Student))
#3 C:\xampp\htdocs\alba_educations\system\CodeIgniter.php(336): CodeIgniter\CodeIgniter->handleRequest(NULL, Object(Config\Cache), false)
#4 C:\xampp\htdocs\alba_educations\index.php(37): CodeIgniter\CodeIgniter->run()
#5 {main}
CRITICAL - 2021-12-15 02:24:26 --> syntax error, unexpected token ")", expecting identifier or variable or "{" or "$"
#0 C:\xampp\htdocs\alba_educations\system\Autoloader\Autoloader.php(273): CodeIgniter\Autoloader\Autoloader->includeFile('C:\\xampp\\htdocs...')
#1 C:\xampp\htdocs\alba_educations\system\Autoloader\Autoloader.php(247): CodeIgniter\Autoloader\Autoloader->loadInNamespace('App\\Models\\fron...')
#2 C:\xampp\htdocs\alba_educations\app\Controllers\FrontEnd\Student.php(26): CodeIgniter\Autoloader\Autoloader->loadClass('App\\Models\\fron...')
#3 C:\xampp\htdocs\alba_educations\system\CodeIgniter.php(928): App\Controllers\FrontEnd\Student->student_login()
#4 C:\xampp\htdocs\alba_educations\system\CodeIgniter.php(436): CodeIgniter\CodeIgniter->runController(Object(App\Controllers\FrontEnd\Student))
#5 C:\xampp\htdocs\alba_educations\system\CodeIgniter.php(336): CodeIgniter\CodeIgniter->handleRequest(NULL, Object(Config\Cache), false)
#6 C:\xampp\htdocs\alba_educations\index.php(37): CodeIgniter\CodeIgniter->run()
#7 {main}
CRITICAL - 2021-12-15 03:16:49 --> Undefined property: stdClass::$user_student_id
#0 C:\xampp\htdocs\alba_educations\app\Views\Student\Curriculum.php(102): CodeIgniter\Debug\Exceptions->errorHandler(2, 'Undefined prope...', 'C:\\xampp\\htdocs...', 102)
#1 C:\xampp\htdocs\alba_educations\system\View\View.php(230): include('C:\\xampp\\htdocs...')
#2 C:\xampp\htdocs\alba_educations\system\View\View.php(232): CodeIgniter\View\View->CodeIgniter\View\{closure}()
#3 C:\xampp\htdocs\alba_educations\system\Common.php(1271): CodeIgniter\View\View->render('Student/Curricu...', Array, true)
#4 C:\xampp\htdocs\alba_educations\app\Controllers\Student\Curriculum.php(39): view('Student/Curricu...', Array)
#5 C:\xampp\htdocs\alba_educations\system\CodeIgniter.php(928): App\Controllers\Student\Curriculum->Curriculum_page()
#6 C:\xampp\htdocs\alba_educations\system\CodeIgniter.php(436): CodeIgniter\CodeIgniter->runController(Object(App\Controllers\Student\Curriculum))
#7 C:\xampp\htdocs\alba_educations\system\CodeIgniter.php(336): CodeIgniter\CodeIgniter->handleRequest(NULL, Object(Config\Cache), false)
#8 C:\xampp\htdocs\alba_educations\index.php(37): CodeIgniter\CodeIgniter->run()
#9 {main}
CRITICAL - 2021-12-15 03:18:25 --> Undefined property: stdClass::$user_student_id
#0 C:\xampp\htdocs\alba_educations\app\Views\Admin\AdminCurriculumStudent.php(257): CodeIgniter\Debug\Exceptions->errorHandler(2, 'Undefined prope...', 'C:\\xampp\\htdocs...', 257)
#1 C:\xampp\htdocs\alba_educations\system\View\View.php(230): include('C:\\xampp\\htdocs...')
#2 C:\xampp\htdocs\alba_educations\system\View\View.php(232): CodeIgniter\View\View->CodeIgniter\View\{closure}()
#3 C:\xampp\htdocs\alba_educations\system\Common.php(1271): CodeIgniter\View\View->render('Admin/AdminCurr...', Array, true)
#4 C:\xampp\htdocs\alba_educations\app\Controllers\Admin\Curriculum.php(31): view('Admin/AdminCurr...', Array)
#5 C:\xampp\htdocs\alba_educations\system\CodeIgniter.php(928): App\Controllers\Admin\Curriculum->adminCurriculumStudent()
#6 C:\xampp\htdocs\alba_educations\system\CodeIgniter.php(436): CodeIgniter\CodeIgniter->runController(Object(App\Controllers\Admin\Curriculum))
#7 C:\xampp\htdocs\alba_educations\system\CodeIgniter.php(336): CodeIgniter\CodeIgniter->handleRequest(NULL, Object(Config\Cache), false)
#8 C:\xampp\htdocs\alba_educations\index.php(37): CodeIgniter\CodeIgniter->run()
#9 {main}
CRITICAL - 2021-12-15 03:19:01 --> Undefined property: stdClass::$name
#0 C:\xampp\htdocs\alba_educations\app\Views\Student\Curriculum.php(104): CodeIgniter\Debug\Exceptions->errorHandler(2, 'Undefined prope...', 'C:\\xampp\\htdocs...', 104)
#1 C:\xampp\htdocs\alba_educations\system\View\View.php(230): include('C:\\xampp\\htdocs...')
#2 C:\xampp\htdocs\alba_educations\system\View\View.php(232): CodeIgniter\View\View->CodeIgniter\View\{closure}()
#3 C:\xampp\htdocs\alba_educations\system\Common.php(1271): CodeIgniter\View\View->render('Student/Curricu...', Array, true)
#4 C:\xampp\htdocs\alba_educations\app\Controllers\Student\Curriculum.php(39): view('Student/Curricu...', Array)
#5 C:\xampp\htdocs\alba_educations\system\CodeIgniter.php(928): App\Controllers\Student\Curriculum->Curriculum_page()
#6 C:\xampp\htdocs\alba_educations\system\CodeIgniter.php(436): CodeIgniter\CodeIgniter->runController(Object(App\Controllers\Student\Curriculum))
#7 C:\xampp\htdocs\alba_educations\system\CodeIgniter.php(336): CodeIgniter\CodeIgniter->handleRequest(NULL, Object(Config\Cache), false)
#8 C:\xampp\htdocs\alba_educations\index.php(37): CodeIgniter\CodeIgniter->run()
#9 {main}
CRITICAL - 2021-12-15 03:28:07 --> Undefined property: stdClass::$user_teacher_id
#0 C:\xampp\htdocs\alba_educations\app\Views\Student\Curriculum.php(80): CodeIgniter\Debug\Exceptions->errorHandler(2, 'Undefined prope...', 'C:\\xampp\\htdocs...', 80)
#1 C:\xampp\htdocs\alba_educations\system\View\View.php(230): include('C:\\xampp\\htdocs...')
#2 C:\xampp\htdocs\alba_educations\system\View\View.php(232): CodeIgniter\View\View->CodeIgniter\View\{closure}()
#3 C:\xampp\htdocs\alba_educations\system\Common.php(1271): CodeIgniter\View\View->render('Student/Curricu...', Array, true)
#4 C:\xampp\htdocs\alba_educations\app\Controllers\Student\Curriculum.php(44): view('Student/Curricu...', Array)
#5 C:\xampp\htdocs\alba_educations\system\CodeIgniter.php(928): App\Controllers\Student\Curriculum->Curriculum_page()
#6 C:\xampp\htdocs\alba_educations\system\CodeIgniter.php(436): CodeIgniter\CodeIgniter->runController(Object(App\Controllers\Student\Curriculum))
#7 C:\xampp\htdocs\alba_educations\system\CodeIgniter.php(336): CodeIgniter\CodeIgniter->handleRequest(NULL, Object(Config\Cache), false)
#8 C:\xampp\htdocs\alba_educations\index.php(37): CodeIgniter\CodeIgniter->run()
#9 {main}
CRITICAL - 2021-12-15 03:48:44 --> Undefined property: stdClass::$duration
#0 C:\xampp\htdocs\alba_educations\app\Views\Student\LiveClasses.php(89): CodeIgniter\Debug\Exceptions->errorHandler(2, 'Undefined prope...', 'C:\\xampp\\htdocs...', 89)
#1 C:\xampp\htdocs\alba_educations\system\View\View.php(230): include('C:\\xampp\\htdocs...')
#2 C:\xampp\htdocs\alba_educations\system\View\View.php(232): CodeIgniter\View\View->CodeIgniter\View\{closure}()
#3 C:\xampp\htdocs\alba_educations\system\Common.php(1271): CodeIgniter\View\View->render('Student/LiveCla...', Array, true)
#4 C:\xampp\htdocs\alba_educations\app\Controllers\Student\LiveClasses.php(40): view('Student/LiveCla...', Array)
#5 C:\xampp\htdocs\alba_educations\system\CodeIgniter.php(928): App\Controllers\Student\LiveClasses->LiveClasses_page()
#6 C:\xampp\htdocs\alba_educations\system\CodeIgniter.php(436): CodeIgniter\CodeIgniter->runController(Object(App\Controllers\Student\LiveClasses))
#7 C:\xampp\htdocs\alba_educations\system\CodeIgniter.php(336): CodeIgniter\CodeIgniter->handleRequest(NULL, Object(Config\Cache), false)
#8 C:\xampp\htdocs\alba_educations\index.php(37): CodeIgniter\CodeIgniter->run()
#9 {main}
CRITICAL - 2021-12-15 03:48:58 --> A non-numeric value encountered
#0 C:\xampp\htdocs\alba_educations\app\Views\Student\LiveClasses.php(89): CodeIgniter\Debug\Exceptions->errorHandler(2, 'A non-numeric v...', 'C:\\xampp\\htdocs...', 89)
#1 C:\xampp\htdocs\alba_educations\system\View\View.php(230): include('C:\\xampp\\htdocs...')
#2 C:\xampp\htdocs\alba_educations\system\View\View.php(232): CodeIgniter\View\View->CodeIgniter\View\{closure}()
#3 C:\xampp\htdocs\alba_educations\system\Common.php(1271): CodeIgniter\View\View->render('Student/LiveCla...', Array, true)
#4 C:\xampp\htdocs\alba_educations\app\Controllers\Student\LiveClasses.php(40): view('Student/LiveCla...', Array)
#5 C:\xampp\htdocs\alba_educations\system\CodeIgniter.php(928): App\Controllers\Student\LiveClasses->LiveClasses_page()
#6 C:\xampp\htdocs\alba_educations\system\CodeIgniter.php(436): CodeIgniter\CodeIgniter->runController(Object(App\Controllers\Student\LiveClasses))
#7 C:\xampp\htdocs\alba_educations\system\CodeIgniter.php(336): CodeIgniter\CodeIgniter->handleRequest(NULL, Object(Config\Cache), false)
#8 C:\xampp\htdocs\alba_educations\index.php(37): CodeIgniter\CodeIgniter->run()
#9 {main}
