CRITICAL - 2021-12-16 00:03:27 --> Invalid file: FrontEnd/Teacher_login.php
#0 C:\xampp\htdocs\alba_educations\system\View\View.php(213): CodeIgniter\Exceptions\FrameworkException::forInvalidFile('FrontEnd/Teache...')
#1 C:\xampp\htdocs\alba_educations\system\Common.php(1271): CodeIgniter\View\View->render('FrontEnd/Teache...', Array, true)
#2 C:\xampp\htdocs\alba_educations\app\Controllers\FrontEnd\Teacher.php(10): view('FrontEnd/Teache...')
#3 C:\xampp\htdocs\alba_educations\system\CodeIgniter.php(928): App\Controllers\FrontEnd\Teacher->login_page()
#4 C:\xampp\htdocs\alba_educations\system\CodeIgniter.php(436): CodeIgniter\CodeIgniter->runController(Object(App\Controllers\FrontEnd\Teacher))
#5 C:\xampp\htdocs\alba_educations\system\CodeIgniter.php(336): CodeIgniter\CodeIgniter->handleRequest(NULL, Object(Config\Cache), false)
#6 C:\xampp\htdocs\alba_educations\index.php(37): CodeIgniter\CodeIgniter->run()
#7 {main}
ERROR - 2021-12-16 00:17:57 --> Unknown column 'admin_id' in 'field list'
CRITICAL - 2021-12-16 00:17:57 --> Unknown column 'admin_id' in 'field list'
#0 C:\xampp\htdocs\alba_educations\system\Database\MySQLi\Connection.php(329): mysqli->query('SELECT `admin_i...')
#1 C:\xampp\htdocs\alba_educations\system\Database\BaseConnection.php(732): CodeIgniter\Database\MySQLi\Connection->execute('SELECT `admin_i...')
#2 C:\xampp\htdocs\alba_educations\system\Database\BaseConnection.php(647): CodeIgniter\Database\BaseConnection->simpleQuery('SELECT `admin_i...')
#3 C:\xampp\htdocs\alba_educations\system\Database\BaseBuilder.php(1881): CodeIgniter\Database\BaseConnection->query('SELECT `admin_i...', Array, false)
#4 C:\xampp\htdocs\alba_educations\app\Models\frontEnd\User_Model.php(35): CodeIgniter\Database\BaseBuilder->get()
#5 C:\xampp\htdocs\alba_educations\app\Controllers\FrontEnd\Teacher.php(28): App\Models\frontEnd\User_model->teacher_login_request(Array)
#6 C:\xampp\htdocs\alba_educations\system\CodeIgniter.php(928): App\Controllers\FrontEnd\Teacher->teacher_login()
#7 C:\xampp\htdocs\alba_educations\system\CodeIgniter.php(436): CodeIgniter\CodeIgniter->runController(Object(App\Controllers\FrontEnd\Teacher))
#8 C:\xampp\htdocs\alba_educations\system\CodeIgniter.php(336): CodeIgniter\CodeIgniter->handleRequest(NULL, Object(Config\Cache), false)
#9 C:\xampp\htdocs\alba_educations\index.php(37): CodeIgniter\CodeIgniter->run()
#10 {main}
CRITICAL - 2021-12-16 01:31:03 --> TeacherLoggedIn filter must have a matching alias defined.
#0 C:\xampp\htdocs\alba_educations\system\Filters\Filters.php(373): CodeIgniter\Filters\Exceptions\FilterException::forNoAlias('TeacherLoggedIn')
#1 C:\xampp\htdocs\alba_educations\system\CodeIgniter.php(398): CodeIgniter\Filters\Filters->enableFilter('TeacherLoggedIn', 'before')
#2 C:\xampp\htdocs\alba_educations\system\CodeIgniter.php(336): CodeIgniter\CodeIgniter->handleRequest(NULL, Object(Config\Cache), false)
#3 C:\xampp\htdocs\alba_educations\index.php(37): CodeIgniter\CodeIgniter->run()
#4 {main}
CRITICAL - 2021-12-16 01:33:59 --> TeacherLoggedIn filter must have a matching alias defined.
#0 C:\xampp\htdocs\alba_educations\system\Filters\Filters.php(373): CodeIgniter\Filters\Exceptions\FilterException::forNoAlias('TeacherLoggedIn')
#1 C:\xampp\htdocs\alba_educations\system\CodeIgniter.php(398): CodeIgniter\Filters\Filters->enableFilter('TeacherLoggedIn', 'before')
#2 C:\xampp\htdocs\alba_educations\system\CodeIgniter.php(336): CodeIgniter\CodeIgniter->handleRequest(NULL, Object(Config\Cache), false)
#3 C:\xampp\htdocs\alba_educations\index.php(37): CodeIgniter\CodeIgniter->run()
#4 {main}
CRITICAL - 2021-12-16 02:08:42 --> Invalid file: Teacher/TodaySession.php
#0 C:\xampp\htdocs\alba_educations\system\View\View.php(213): CodeIgniter\Exceptions\FrameworkException::forInvalidFile('Teacher/TodaySe...')
#1 C:\xampp\htdocs\alba_educations\system\Common.php(1271): CodeIgniter\View\View->render('Teacher/TodaySe...', Array, true)
#2 C:\xampp\htdocs\alba_educations\app\Controllers\Teacher\Sessions.php(41): view('Teacher/TodaySe...', Array)
#3 C:\xampp\htdocs\alba_educations\system\CodeIgniter.php(928): App\Controllers\Teacher\Sessions->teacherTodaySession_page()
#4 C:\xampp\htdocs\alba_educations\system\CodeIgniter.php(436): CodeIgniter\CodeIgniter->runController(Object(App\Controllers\Teacher\Sessions))
#5 C:\xampp\htdocs\alba_educations\system\CodeIgniter.php(336): CodeIgniter\CodeIgniter->handleRequest(NULL, Object(Config\Cache), false)
#6 C:\xampp\htdocs\alba_educations\index.php(37): CodeIgniter\CodeIgniter->run()
#7 {main}
CRITICAL - 2021-12-16 02:08:47 --> Invalid file: Teacher/TodaySession.php
#0 C:\xampp\htdocs\alba_educations\system\View\View.php(213): CodeIgniter\Exceptions\FrameworkException::forInvalidFile('Teacher/TodaySe...')
#1 C:\xampp\htdocs\alba_educations\system\Common.php(1271): CodeIgniter\View\View->render('Teacher/TodaySe...', Array, true)
#2 C:\xampp\htdocs\alba_educations\app\Controllers\Teacher\Sessions.php(41): view('Teacher/TodaySe...', Array)
#3 C:\xampp\htdocs\alba_educations\system\CodeIgniter.php(928): App\Controllers\Teacher\Sessions->teacherTodaySession_page()
#4 C:\xampp\htdocs\alba_educations\system\CodeIgniter.php(436): CodeIgniter\CodeIgniter->runController(Object(App\Controllers\Teacher\Sessions))
#5 C:\xampp\htdocs\alba_educations\system\CodeIgniter.php(336): CodeIgniter\CodeIgniter->handleRequest(NULL, Object(Config\Cache), false)
#6 C:\xampp\htdocs\alba_educations\index.php(37): CodeIgniter\CodeIgniter->run()
#7 {main}
CRITICAL - 2021-12-16 02:09:20 --> Invalid file: Teacher/TodaySession.php
#0 C:\xampp\htdocs\alba_educations\system\View\View.php(213): CodeIgniter\Exceptions\FrameworkException::forInvalidFile('Teacher/TodaySe...')
#1 C:\xampp\htdocs\alba_educations\system\Common.php(1271): CodeIgniter\View\View->render('Teacher/TodaySe...', Array, true)
#2 C:\xampp\htdocs\alba_educations\app\Controllers\Teacher\Sessions.php(41): view('Teacher/TodaySe...', Array)
#3 C:\xampp\htdocs\alba_educations\system\CodeIgniter.php(928): App\Controllers\Teacher\Sessions->teacherTodaySession_page()
#4 C:\xampp\htdocs\alba_educations\system\CodeIgniter.php(436): CodeIgniter\CodeIgniter->runController(Object(App\Controllers\Teacher\Sessions))
#5 C:\xampp\htdocs\alba_educations\system\CodeIgniter.php(336): CodeIgniter\CodeIgniter->handleRequest(NULL, Object(Config\Cache), false)
#6 C:\xampp\htdocs\alba_educations\index.php(37): CodeIgniter\CodeIgniter->run()
#7 {main}
CRITICAL - 2021-12-16 02:30:02 --> You must set the database table to be used with your query.
#0 C:\xampp\htdocs\alba_educations\system\Model.php(602): CodeIgniter\Database\BaseConnection->table(NULL)
#1 C:\xampp\htdocs\alba_educations\system\Model.php(798): CodeIgniter\Model->builder()
#2 C:\xampp\htdocs\alba_educations\app\Controllers\Teacher\Sessions.php(22): CodeIgniter\Model->__call('get_table_data', Array)
#3 C:\xampp\htdocs\alba_educations\system\CodeIgniter.php(928): App\Controllers\Teacher\Sessions->teacherTodaySession_page()
#4 C:\xampp\htdocs\alba_educations\system\CodeIgniter.php(436): CodeIgniter\CodeIgniter->runController(Object(App\Controllers\Teacher\Sessions))
#5 C:\xampp\htdocs\alba_educations\system\CodeIgniter.php(336): CodeIgniter\CodeIgniter->handleRequest(NULL, Object(Config\Cache), false)
#6 C:\xampp\htdocs\alba_educations\index.php(37): CodeIgniter\CodeIgniter->run()
#7 {main}
ERROR - 2021-12-16 02:31:10 --> Unknown column 'user_student_id,name,grade' in 'field list'
CRITICAL - 2021-12-16 02:31:10 --> Unknown column 'user_student_id,name,grade' in 'field list'
#0 C:\xampp\htdocs\alba_educations\system\Database\MySQLi\Connection.php(329): mysqli->query('SELECT `user_st...')
#1 C:\xampp\htdocs\alba_educations\system\Database\BaseConnection.php(732): CodeIgniter\Database\MySQLi\Connection->execute('SELECT `user_st...')
#2 C:\xampp\htdocs\alba_educations\system\Database\BaseConnection.php(647): CodeIgniter\Database\BaseConnection->simpleQuery('SELECT `user_st...')
#3 C:\xampp\htdocs\alba_educations\system\Database\BaseBuilder.php(1881): CodeIgniter\Database\BaseConnection->query('SELECT `user_st...', Array, false)
#4 C:\xampp\htdocs\alba_educations\app\Models\Teacher\functions_Model.php(12): CodeIgniter\Database\BaseBuilder->get()
#5 C:\xampp\htdocs\alba_educations\app\Controllers\Teacher\Sessions.php(16): App\Models\Teacher\functions_Model->get_selected_data('users_students', Array, Array)
#6 C:\xampp\htdocs\alba_educations\system\CodeIgniter.php(928): App\Controllers\Teacher\Sessions->teacherTodaySession_page()
#7 C:\xampp\htdocs\alba_educations\system\CodeIgniter.php(436): CodeIgniter\CodeIgniter->runController(Object(App\Controllers\Teacher\Sessions))
#8 C:\xampp\htdocs\alba_educations\system\CodeIgniter.php(336): CodeIgniter\CodeIgniter->handleRequest(NULL, Object(Config\Cache), false)
#9 C:\xampp\htdocs\alba_educations\index.php(37): CodeIgniter\CodeIgniter->run()
#10 {main}
CRITICAL - 2021-12-16 02:32:13 --> You must set the database table to be used with your query.
#0 C:\xampp\htdocs\alba_educations\system\Model.php(602): CodeIgniter\Database\BaseConnection->table(NULL)
#1 C:\xampp\htdocs\alba_educations\system\Model.php(798): CodeIgniter\Model->builder()
#2 C:\xampp\htdocs\alba_educations\app\Controllers\Teacher\Sessions.php(22): CodeIgniter\Model->__call('get_table_data', Array)
#3 C:\xampp\htdocs\alba_educations\system\CodeIgniter.php(928): App\Controllers\Teacher\Sessions->teacherTodaySession_page()
#4 C:\xampp\htdocs\alba_educations\system\CodeIgniter.php(436): CodeIgniter\CodeIgniter->runController(Object(App\Controllers\Teacher\Sessions))
#5 C:\xampp\htdocs\alba_educations\system\CodeIgniter.php(336): CodeIgniter\CodeIgniter->handleRequest(NULL, Object(Config\Cache), false)
#6 C:\xampp\htdocs\alba_educations\index.php(37): CodeIgniter\CodeIgniter->run()
#7 {main}
CRITICAL - 2021-12-16 02:44:46 --> You must set the database table to be used with your query.
#0 C:\xampp\htdocs\alba_educations\system\Model.php(602): CodeIgniter\Database\BaseConnection->table(NULL)
#1 C:\xampp\htdocs\alba_educations\system\Model.php(798): CodeIgniter\Model->builder()
#2 C:\xampp\htdocs\alba_educations\app\Controllers\Teacher\Sessions.php(28): CodeIgniter\Model->__call('get_table_data', Array)
#3 C:\xampp\htdocs\alba_educations\system\CodeIgniter.php(928): App\Controllers\Teacher\Sessions->teacherTodaySession_page()
#4 C:\xampp\htdocs\alba_educations\system\CodeIgniter.php(436): CodeIgniter\CodeIgniter->runController(Object(App\Controllers\Teacher\Sessions))
#5 C:\xampp\htdocs\alba_educations\system\CodeIgniter.php(336): CodeIgniter\CodeIgniter->handleRequest(NULL, Object(Config\Cache), false)
#6 C:\xampp\htdocs\alba_educations\index.php(37): CodeIgniter\CodeIgniter->run()
#7 {main}
CRITICAL - 2021-12-16 02:44:52 --> You must set the database table to be used with your query.
#0 C:\xampp\htdocs\alba_educations\system\Model.php(602): CodeIgniter\Database\BaseConnection->table(NULL)
#1 C:\xampp\htdocs\alba_educations\system\Model.php(798): CodeIgniter\Model->builder()
#2 C:\xampp\htdocs\alba_educations\app\Controllers\Teacher\Sessions.php(28): CodeIgniter\Model->__call('get_table_data', Array)
#3 C:\xampp\htdocs\alba_educations\system\CodeIgniter.php(928): App\Controllers\Teacher\Sessions->teacherTodaySession_page()
#4 C:\xampp\htdocs\alba_educations\system\CodeIgniter.php(436): CodeIgniter\CodeIgniter->runController(Object(App\Controllers\Teacher\Sessions))
#5 C:\xampp\htdocs\alba_educations\system\CodeIgniter.php(336): CodeIgniter\CodeIgniter->handleRequest(NULL, Object(Config\Cache), false)
#6 C:\xampp\htdocs\alba_educations\index.php(37): CodeIgniter\CodeIgniter->run()
#7 {main}
CRITICAL - 2021-12-16 02:47:27 --> You must set the database table to be used with your query.
#0 C:\xampp\htdocs\alba_educations\system\Model.php(602): CodeIgniter\Database\BaseConnection->table(NULL)
#1 C:\xampp\htdocs\alba_educations\system\Model.php(798): CodeIgniter\Model->builder()
#2 C:\xampp\htdocs\alba_educations\app\Controllers\Teacher\Sessions.php(22): CodeIgniter\Model->__call('get_table_data', Array)
#3 C:\xampp\htdocs\alba_educations\system\CodeIgniter.php(928): App\Controllers\Teacher\Sessions->teacherTodaySession_page()
#4 C:\xampp\htdocs\alba_educations\system\CodeIgniter.php(436): CodeIgniter\CodeIgniter->runController(Object(App\Controllers\Teacher\Sessions))
#5 C:\xampp\htdocs\alba_educations\system\CodeIgniter.php(336): CodeIgniter\CodeIgniter->handleRequest(NULL, Object(Config\Cache), false)
#6 C:\xampp\htdocs\alba_educations\index.php(37): CodeIgniter\CodeIgniter->run()
#7 {main}
CRITICAL - 2021-12-16 02:47:57 --> Too few arguments to function App\Models\Teacher\functions_Model::get_selected_data(), 2 passed in C:\xampp\htdocs\alba_educations\app\Controllers\Teacher\Sessions.php on line 22 and exactly 3 expected
#0 C:\xampp\htdocs\alba_educations\app\Controllers\Teacher\Sessions.php(22): App\Models\Teacher\functions_Model->get_selected_data('grades', Array)
#1 C:\xampp\htdocs\alba_educations\system\CodeIgniter.php(928): App\Controllers\Teacher\Sessions->teacherTodaySession_page()
#2 C:\xampp\htdocs\alba_educations\system\CodeIgniter.php(436): CodeIgniter\CodeIgniter->runController(Object(App\Controllers\Teacher\Sessions))
#3 C:\xampp\htdocs\alba_educations\system\CodeIgniter.php(336): CodeIgniter\CodeIgniter->handleRequest(NULL, Object(Config\Cache), false)
#4 C:\xampp\htdocs\alba_educations\index.php(37): CodeIgniter\CodeIgniter->run()
#5 {main}
ERROR - 2021-12-16 03:12:06 --> Unknown column 'the_date' in 'where clause'
CRITICAL - 2021-12-16 03:12:06 --> Unknown column 'the_date' in 'where clause'
#0 C:\xampp\htdocs\alba_educations\system\Database\MySQLi\Connection.php(329): mysqli->query('SELECT COUNT(*)...')
#1 C:\xampp\htdocs\alba_educations\system\Database\BaseConnection.php(732): CodeIgniter\Database\MySQLi\Connection->execute('SELECT COUNT(*)...')
#2 C:\xampp\htdocs\alba_educations\system\Database\BaseConnection.php(647): CodeIgniter\Database\BaseConnection->simpleQuery('SELECT COUNT(*)...')
#3 C:\xampp\htdocs\alba_educations\system\Database\BaseBuilder.php(1981): CodeIgniter\Database\BaseConnection->query('SELECT COUNT(*)...', Array, false)
#4 C:\xampp\htdocs\alba_educations\app\Models\Teacher\tchFunctions_Model.php(21): CodeIgniter\Database\BaseBuilder->countAllResults()
#5 C:\xampp\htdocs\alba_educations\app\Controllers\Teacher\Sessions.php(43): App\Models\Teacher\tchFunctions_Model->get_data_desc('class_sessions', 'the_date > DATE...')
#6 C:\xampp\htdocs\alba_educations\system\CodeIgniter.php(928): App\Controllers\Teacher\Sessions->teacherTodaySession_page()
#7 C:\xampp\htdocs\alba_educations\system\CodeIgniter.php(436): CodeIgniter\CodeIgniter->runController(Object(App\Controllers\Teacher\Sessions))
#8 C:\xampp\htdocs\alba_educations\system\CodeIgniter.php(336): CodeIgniter\CodeIgniter->handleRequest(NULL, Object(Config\Cache), false)
#9 C:\xampp\htdocs\alba_educations\index.php(37): CodeIgniter\CodeIgniter->run()
#10 {main}
ERROR - 2021-12-16 03:18:35 --> Unknown column 'the_date' in 'where clause'
CRITICAL - 2021-12-16 03:18:35 --> Unknown column 'the_date' in 'where clause'
#0 C:\xampp\htdocs\alba_educations\system\Database\MySQLi\Connection.php(329): mysqli->query('SELECT COUNT(*)...')
#1 C:\xampp\htdocs\alba_educations\system\Database\BaseConnection.php(732): CodeIgniter\Database\MySQLi\Connection->execute('SELECT COUNT(*)...')
#2 C:\xampp\htdocs\alba_educations\system\Database\BaseConnection.php(647): CodeIgniter\Database\BaseConnection->simpleQuery('SELECT COUNT(*)...')
#3 C:\xampp\htdocs\alba_educations\system\Database\BaseBuilder.php(1981): CodeIgniter\Database\BaseConnection->query('SELECT COUNT(*)...', Array, false)
#4 C:\xampp\htdocs\alba_educations\app\Models\Teacher\tchFunctions_Model.php(32): CodeIgniter\Database\BaseBuilder->countAllResults()
#5 C:\xampp\htdocs\alba_educations\app\Controllers\Teacher\Sessions.php(44): App\Models\Teacher\tchFunctions_Model->next_classes('class_sessions', Array, 'the_date > DATE...')
#6 C:\xampp\htdocs\alba_educations\system\CodeIgniter.php(928): App\Controllers\Teacher\Sessions->teacherTodaySession_page()
#7 C:\xampp\htdocs\alba_educations\system\CodeIgniter.php(436): CodeIgniter\CodeIgniter->runController(Object(App\Controllers\Teacher\Sessions))
#8 C:\xampp\htdocs\alba_educations\system\CodeIgniter.php(336): CodeIgniter\CodeIgniter->handleRequest(NULL, Object(Config\Cache), false)
#9 C:\xampp\htdocs\alba_educations\index.php(37): CodeIgniter\CodeIgniter->run()
#10 {main}
CRITICAL - 2021-12-16 03:26:02 --> date(): Argument #2 ($timestamp) must be of type ?int, string given
#0 C:\xampp\htdocs\alba_educations\app\Views\Teacher\TodaySession.php(113): date('d-m-y', '2021-12-16')
#1 C:\xampp\htdocs\alba_educations\system\View\View.php(230): include('C:\\xampp\\htdocs...')
#2 C:\xampp\htdocs\alba_educations\system\View\View.php(232): CodeIgniter\View\View->CodeIgniter\View\{closure}()
#3 C:\xampp\htdocs\alba_educations\system\Common.php(1271): CodeIgniter\View\View->render('Teacher/TodaySe...', Array, true)
#4 C:\xampp\htdocs\alba_educations\app\Controllers\Teacher\Sessions.php(45): view('Teacher/TodaySe...', Array)
#5 C:\xampp\htdocs\alba_educations\system\CodeIgniter.php(928): App\Controllers\Teacher\Sessions->teacherTodaySession_page()
#6 C:\xampp\htdocs\alba_educations\system\CodeIgniter.php(436): CodeIgniter\CodeIgniter->runController(Object(App\Controllers\Teacher\Sessions))
#7 C:\xampp\htdocs\alba_educations\system\CodeIgniter.php(336): CodeIgniter\CodeIgniter->handleRequest(NULL, Object(Config\Cache), false)
#8 C:\xampp\htdocs\alba_educations\index.php(37): CodeIgniter\CodeIgniter->run()
#9 {main}
CRITICAL - 2021-12-16 03:29:48 --> Call to undefined function now()
#0 C:\xampp\htdocs\alba_educations\system\View\View.php(230): include()
#1 C:\xampp\htdocs\alba_educations\system\View\View.php(232): CodeIgniter\View\View->CodeIgniter\View\{closure}()
#2 C:\xampp\htdocs\alba_educations\system\Common.php(1271): CodeIgniter\View\View->render('Teacher/TodaySe...', Array, true)
#3 C:\xampp\htdocs\alba_educations\app\Controllers\Teacher\Sessions.php(45): view('Teacher/TodaySe...', Array)
#4 C:\xampp\htdocs\alba_educations\system\CodeIgniter.php(928): App\Controllers\Teacher\Sessions->teacherTodaySession_page()
#5 C:\xampp\htdocs\alba_educations\system\CodeIgniter.php(436): CodeIgniter\CodeIgniter->runController(Object(App\Controllers\Teacher\Sessions))
#6 C:\xampp\htdocs\alba_educations\system\CodeIgniter.php(336): CodeIgniter\CodeIgniter->handleRequest(NULL, Object(Config\Cache), false)
#7 C:\xampp\htdocs\alba_educations\index.php(37): CodeIgniter\CodeIgniter->run()
#8 {main}
CRITICAL - 2021-12-16 03:29:54 --> Call to undefined function NOW()
#0 C:\xampp\htdocs\alba_educations\system\View\View.php(230): include()
#1 C:\xampp\htdocs\alba_educations\system\View\View.php(232): CodeIgniter\View\View->CodeIgniter\View\{closure}()
#2 C:\xampp\htdocs\alba_educations\system\Common.php(1271): CodeIgniter\View\View->render('Teacher/TodaySe...', Array, true)
#3 C:\xampp\htdocs\alba_educations\app\Controllers\Teacher\Sessions.php(45): view('Teacher/TodaySe...', Array)
#4 C:\xampp\htdocs\alba_educations\system\CodeIgniter.php(928): App\Controllers\Teacher\Sessions->teacherTodaySession_page()
#5 C:\xampp\htdocs\alba_educations\system\CodeIgniter.php(436): CodeIgniter\CodeIgniter->runController(Object(App\Controllers\Teacher\Sessions))
#6 C:\xampp\htdocs\alba_educations\system\CodeIgniter.php(336): CodeIgniter\CodeIgniter->handleRequest(NULL, Object(Config\Cache), false)
#7 C:\xampp\htdocs\alba_educations\index.php(37): CodeIgniter\CodeIgniter->run()
#8 {main}
CRITICAL - 2021-12-16 05:41:52 --> Array to string conversion
#0 C:\xampp\htdocs\alba_educations\app\Controllers\Teacher\Sessions.php(65): CodeIgniter\Debug\Exceptions->errorHandler(2, 'Array to string...', 'C:\\xampp\\htdocs...', 65)
#1 C:\xampp\htdocs\alba_educations\system\CodeIgniter.php(928): App\Controllers\Teacher\Sessions->student_attendance()
#2 C:\xampp\htdocs\alba_educations\system\CodeIgniter.php(436): CodeIgniter\CodeIgniter->runController(Object(App\Controllers\Teacher\Sessions))
#3 C:\xampp\htdocs\alba_educations\system\CodeIgniter.php(336): CodeIgniter\CodeIgniter->handleRequest(NULL, Object(Config\Cache), false)
#4 C:\xampp\htdocs\alba_educations\index.php(37): CodeIgniter\CodeIgniter->run()
#5 {main}
CRITICAL - 2021-12-16 05:44:39 --> date() expects at least 1 argument, 0 given
#0 C:\xampp\htdocs\alba_educations\app\Controllers\Teacher\Sessions.php(65): date()
#1 C:\xampp\htdocs\alba_educations\system\CodeIgniter.php(928): App\Controllers\Teacher\Sessions->student_attendance()
#2 C:\xampp\htdocs\alba_educations\system\CodeIgniter.php(436): CodeIgniter\CodeIgniter->runController(Object(App\Controllers\Teacher\Sessions))
#3 C:\xampp\htdocs\alba_educations\system\CodeIgniter.php(336): CodeIgniter\CodeIgniter->handleRequest(NULL, Object(Config\Cache), false)
#4 C:\xampp\htdocs\alba_educations\index.php(37): CodeIgniter\CodeIgniter->run()
#5 {main}
CRITICAL - 2021-12-16 05:55:59 --> Undefined property: stdClass::$strt_time
#0 C:\xampp\htdocs\alba_educations\app\Controllers\Teacher\Sessions.php(67): CodeIgniter\Debug\Exceptions->errorHandler(2, 'Undefined prope...', 'C:\\xampp\\htdocs...', 67)
#1 C:\xampp\htdocs\alba_educations\system\CodeIgniter.php(928): App\Controllers\Teacher\Sessions->student_attendance()
#2 C:\xampp\htdocs\alba_educations\system\CodeIgniter.php(436): CodeIgniter\CodeIgniter->runController(Object(App\Controllers\Teacher\Sessions))
#3 C:\xampp\htdocs\alba_educations\system\CodeIgniter.php(336): CodeIgniter\CodeIgniter->handleRequest(NULL, Object(Config\Cache), false)
#4 C:\xampp\htdocs\alba_educations\index.php(37): CodeIgniter\CodeIgniter->run()
#5 {main}
CRITICAL - 2021-12-16 07:39:50 --> Undefined variable $class_session
#0 C:\xampp\htdocs\alba_educations\app\Views\Teacher\Curriculum.php(113): CodeIgniter\Debug\Exceptions->errorHandler(2, 'Undefined varia...', 'C:\\xampp\\htdocs...', 113)
#1 C:\xampp\htdocs\alba_educations\system\View\View.php(230): include('C:\\xampp\\htdocs...')
#2 C:\xampp\htdocs\alba_educations\system\View\View.php(232): CodeIgniter\View\View->CodeIgniter\View\{closure}()
#3 C:\xampp\htdocs\alba_educations\system\Common.php(1271): CodeIgniter\View\View->render('Teacher/Curricu...', Array, true)
#4 C:\xampp\htdocs\alba_educations\app\Controllers\Teacher\Curriculum.php(40): view('Teacher/Curricu...', Array)
#5 C:\xampp\htdocs\alba_educations\system\CodeIgniter.php(928): App\Controllers\Teacher\Curriculum->Curriculum_page()
#6 C:\xampp\htdocs\alba_educations\system\CodeIgniter.php(436): CodeIgniter\CodeIgniter->runController(Object(App\Controllers\Teacher\Curriculum))
#7 C:\xampp\htdocs\alba_educations\system\CodeIgniter.php(336): CodeIgniter\CodeIgniter->handleRequest(NULL, Object(Config\Cache), false)
#8 C:\xampp\htdocs\alba_educations\index.php(37): CodeIgniter\CodeIgniter->run()
#9 {main}
CRITICAL - 2021-12-16 07:40:04 --> Undefined property: stdClass::$session_id
#0 C:\xampp\htdocs\alba_educations\app\Views\Teacher\Curriculum.php(113): CodeIgniter\Debug\Exceptions->errorHandler(2, 'Undefined prope...', 'C:\\xampp\\htdocs...', 113)
#1 C:\xampp\htdocs\alba_educations\system\View\View.php(230): include('C:\\xampp\\htdocs...')
#2 C:\xampp\htdocs\alba_educations\system\View\View.php(232): CodeIgniter\View\View->CodeIgniter\View\{closure}()
#3 C:\xampp\htdocs\alba_educations\system\Common.php(1271): CodeIgniter\View\View->render('Teacher/Curricu...', Array, true)
#4 C:\xampp\htdocs\alba_educations\app\Controllers\Teacher\Curriculum.php(40): view('Teacher/Curricu...', Array)
#5 C:\xampp\htdocs\alba_educations\system\CodeIgniter.php(928): App\Controllers\Teacher\Curriculum->Curriculum_page()
#6 C:\xampp\htdocs\alba_educations\system\CodeIgniter.php(436): CodeIgniter\CodeIgniter->runController(Object(App\Controllers\Teacher\Curriculum))
#7 C:\xampp\htdocs\alba_educations\system\CodeIgniter.php(336): CodeIgniter\CodeIgniter->handleRequest(NULL, Object(Config\Cache), false)
#8 C:\xampp\htdocs\alba_educations\index.php(37): CodeIgniter\CodeIgniter->run()
#9 {main}
ERROR - 2021-12-16 13:35:57 --> Unknown column 'sessionID' in 'where clause'
CRITICAL - 2021-12-16 13:35:57 --> Unknown column 'sessionID' in 'where clause'
#0 C:\xampp\htdocs\alba_educations\system\Database\MySQLi\Connection.php(329): mysqli->query('SELECT COUNT(*)...')
#1 C:\xampp\htdocs\alba_educations\system\Database\BaseConnection.php(732): CodeIgniter\Database\MySQLi\Connection->execute('SELECT COUNT(*)...')
#2 C:\xampp\htdocs\alba_educations\system\Database\BaseConnection.php(647): CodeIgniter\Database\BaseConnection->simpleQuery('SELECT COUNT(*)...')
#3 C:\xampp\htdocs\alba_educations\system\Database\BaseBuilder.php(1981): CodeIgniter\Database\BaseConnection->query('SELECT COUNT(*)...', Array, false)
#4 C:\xampp\htdocs\alba_educations\app\Models\Admin\functions_Model.php(21): CodeIgniter\Database\BaseBuilder->countAllResults()
#5 C:\xampp\htdocs\alba_educations\app\Controllers\Teacher\Curriculum.php(89): App\Models\Admin\functions_Model->add_new_data_withoutDuplicate('teacher_request...', Array, Array)
#6 C:\xampp\htdocs\alba_educations\system\CodeIgniter.php(928): App\Controllers\Teacher\Curriculum->request_curriculum()
#7 C:\xampp\htdocs\alba_educations\system\CodeIgniter.php(436): CodeIgniter\CodeIgniter->runController(Object(App\Controllers\Teacher\Curriculum))
#8 C:\xampp\htdocs\alba_educations\system\CodeIgniter.php(336): CodeIgniter\CodeIgniter->handleRequest(NULL, Object(Config\Cache), false)
#9 C:\xampp\htdocs\alba_educations\index.php(37): CodeIgniter\CodeIgniter->run()
#10 {main}
CRITICAL - 2021-12-16 13:45:05 --> Array to string conversion
#0 C:\xampp\htdocs\alba_educations\app\Controllers\Teacher\Sessions.php(46): CodeIgniter\Debug\Exceptions->errorHandler(2, 'Array to string...', 'C:\\xampp\\htdocs...', 46)
#1 C:\xampp\htdocs\alba_educations\system\CodeIgniter.php(928): App\Controllers\Teacher\Sessions->teacherTodaySession_page()
#2 C:\xampp\htdocs\alba_educations\system\CodeIgniter.php(436): CodeIgniter\CodeIgniter->runController(Object(App\Controllers\Teacher\Sessions))
#3 C:\xampp\htdocs\alba_educations\system\CodeIgniter.php(336): CodeIgniter\CodeIgniter->handleRequest(NULL, Object(Config\Cache), false)
#4 C:\xampp\htdocs\alba_educations\index.php(37): CodeIgniter\CodeIgniter->run()
#5 {main}
CRITICAL - 2021-12-16 13:45:50 --> Undefined variable $class_session
#0 C:\xampp\htdocs\alba_educations\app\Views\Teacher\TodaySession.php(87): CodeIgniter\Debug\Exceptions->errorHandler(2, 'Undefined varia...', 'C:\\xampp\\htdocs...', 87)
#1 C:\xampp\htdocs\alba_educations\system\View\View.php(230): include('C:\\xampp\\htdocs...')
#2 C:\xampp\htdocs\alba_educations\system\View\View.php(232): CodeIgniter\View\View->CodeIgniter\View\{closure}()
#3 C:\xampp\htdocs\alba_educations\system\Common.php(1271): CodeIgniter\View\View->render('Teacher/TodaySe...', Array, true)
#4 C:\xampp\htdocs\alba_educations\app\Controllers\Teacher\Sessions.php(46): view('Teacher/TodaySe...', Array)
#5 C:\xampp\htdocs\alba_educations\system\CodeIgniter.php(928): App\Controllers\Teacher\Sessions->teacherTodaySession_page()
#6 C:\xampp\htdocs\alba_educations\system\CodeIgniter.php(436): CodeIgniter\CodeIgniter->runController(Object(App\Controllers\Teacher\Sessions))
#7 C:\xampp\htdocs\alba_educations\system\CodeIgniter.php(336): CodeIgniter\CodeIgniter->handleRequest(NULL, Object(Config\Cache), false)
#8 C:\xampp\htdocs\alba_educations\index.php(37): CodeIgniter\CodeIgniter->run()
#9 {main}
CRITICAL - 2021-12-16 13:48:40 --> count(): Argument #1 ($var) must be of type Countable|array, string given
#0 C:\xampp\htdocs\alba_educations\system\View\View.php(230): include()
#1 C:\xampp\htdocs\alba_educations\system\View\View.php(232): CodeIgniter\View\View->CodeIgniter\View\{closure}()
#2 C:\xampp\htdocs\alba_educations\system\Common.php(1271): CodeIgniter\View\View->render('Teacher/Curricu...', Array, true)
#3 C:\xampp\htdocs\alba_educations\app\Controllers\Teacher\Curriculum.php(42): view('Teacher/Curricu...', Array)
#4 C:\xampp\htdocs\alba_educations\system\CodeIgniter.php(928): App\Controllers\Teacher\Curriculum->Curriculum_page()
#5 C:\xampp\htdocs\alba_educations\system\CodeIgniter.php(436): CodeIgniter\CodeIgniter->runController(Object(App\Controllers\Teacher\Curriculum))
#6 C:\xampp\htdocs\alba_educations\system\CodeIgniter.php(336): CodeIgniter\CodeIgniter->handleRequest(NULL, Object(Config\Cache), false)
#7 C:\xampp\htdocs\alba_educations\index.php(37): CodeIgniter\CodeIgniter->run()
#8 {main}
